<?xml version="1.0" encoding="utf-8"?><testsuites name="pytest tests"><testsuite name="pytest" errors="0" failures="0" skipped="0" tests="15" time="39.610" timestamp="2026-03-23T14:01:46.934071+00:00" hostname="agent-env-b19ae1f9-d085-42af-a0f2-2b857c70b5cb"><testcase classname="backend.tests.test_v2200_features.TestAutoTradeProtection" name="test_auto_settings_are_off" time="0.262" /><testcase classname="backend.tests.test_v2200_features.TestAutoTradeProtection" name="test_auto_exit_check_returns_zero_when_off" time="0.311" /><testcase classname="backend.tests.test_v2200_features.TestAutoTradeProtection" name="test_news_fetch_does_not_auto_execute_when_auto_entry_off" time="31.993" /><testcase classname="backend.tests.test_v2200_features.TestSignalExpiry" name="test_signals_latest_returns_only_active" time="0.130" /><testcase classname="backend.tests.test_v2200_features.TestSignalExpiry" name="test_signals_active_endpoint" time="0.135" /><testcase classname="backend.tests.test_v2200_features.TestNewsFetchOnly" name="test_fetch_only_returns_articles_without_ai" time="1.904" /><testcase classname="backend.tests.test_v2200_features.TestNewsAnalyzeArticle" name="test_analyze_article_requires_article_id" time="0.134" /><testcase classname="backend.tests.test_v2200_features.TestNewsAnalyzeArticle" name="test_analyze_article_with_valid_id" time="2.832" /><testcase classname="backend.tests.test_v2200_features.TestManualTradeEntry" name="test_execute_signal_in_paper_mode" time="0.680" /><testcase classname="backend.tests.test_v2200_features.TestManualTradeExit" name="test_manual_exit_requires_trade_id" time="0.279" /><testcase classname="backend.tests.test_v2200_features.TestManualTradeExit" name="test_manual_exit_not_found" time="0.138" /><testcase classname="backend.tests.test_v2200_features.TestGenerateTestTrade" name="test_generate_paper_trade" time="0.280" /><testcase classname="backend.tests.test_v2200_features.TestHealthAndVersion" name="test_health_endpoint" time="0.153" /><testcase classname="backend.tests.test_v2200_features.TestHealthAndVersion" name="test_settings_endpoint" time="0.128" /><testcase classname="backend.tests.test_v2200_features.TestAIGuards" name="test_ai_guards_status" time="0.126" /></testsuite></testsuites>