<?xml version="1.0" encoding="utf-8"?><testsuites name="pytest tests"><testsuite name="pytest" errors="0" failures="0" skipped="0" tests="25" time="7.402" timestamp="2026-03-22T11:04:36.226109+00:00" hostname="agent-env-0283e0b2-9049-43e5-822b-1a8cc12182d0"><testcase classname="backend.tests.test_v810_system_health.TestVersionVerification" name="test_health_returns_version_810" time="0.167" /><testcase classname="backend.tests.test_v810_system_health.TestVersionVerification" name="test_debug_returns_version_810" time="0.121" /><testcase classname="backend.tests.test_v810_system_health.TestVersionVerification" name="test_auto_trade_test_returns_version_810" time="0.140" /><testcase classname="backend.tests.test_v810_system_health.TestTelegramEndpoints" name="test_telegram_status" time="0.126" /><testcase classname="backend.tests.test_v810_system_health.TestTelegramEndpoints" name="test_telegram_test_message" time="0.707" /><testcase classname="backend.tests.test_v810_system_health.TestTelegramEndpoints" name="test_telegram_morning_briefing" time="2.500" /><testcase classname="backend.tests.test_v810_system_health.TestTelegramEndpoints" name="test_telegram_daily_summary" time="0.448" /><testcase classname="backend.tests.test_v810_system_health.TestOptionsEndpoints" name="test_options_greeks" time="0.120" /><testcase classname="backend.tests.test_v810_system_health.TestOptionsEndpoints" name="test_position_sizing" time="0.121" /><testcase classname="backend.tests.test_v810_system_health.TestExitAdvisor" name="test_exit_advisor_status" time="0.147" /><testcase classname="backend.tests.test_v810_system_health.TestExitAdvisor" name="test_exit_advisor_advice" time="0.142" /><testcase classname="backend.tests.test_v810_system_health.TestBackgroundJobs" name="test_health_shows_background_jobs_running" time="0.114" /><testcase classname="backend.tests.test_v810_system_health.TestAIGuards" name="test_ai_guards_status" time="0.134" /><testcase classname="backend.tests.test_v810_system_health.TestTradesEndpoints" name="test_trades_active" time="0.447" /><testcase classname="backend.tests.test_v810_system_health.TestTradesEndpoints" name="test_trades_today" time="0.410" /><testcase classname="backend.tests.test_v810_system_health.TestTradesEndpoints" name="test_trades_history" time="0.114" /><testcase classname="backend.tests.test_v810_system_health.TestSignalsAndSettings" name="test_signals_latest" time="0.138" /><testcase classname="backend.tests.test_v810_system_health.TestSignalsAndSettings" name="test_auto_settings" time="0.117" /><testcase classname="backend.tests.test_v810_system_health.TestOtherEndpoints" name="test_news_latest" time="0.125" /><testcase classname="backend.tests.test_v810_system_health.TestOtherEndpoints" name="test_portfolio" time="0.363" /><testcase classname="backend.tests.test_v810_system_health.TestOtherEndpoints" name="test_settings" time="0.117" /><testcase classname="backend.tests.test_v810_system_health.TestOtherEndpoints" name="test_historical_patterns" time="0.119" /><testcase classname="backend.tests.test_v810_system_health.TestOtherEndpoints" name="test_ai_insights" time="0.131" /><testcase classname="backend.tests.test_v810_system_health.TestOtherEndpoints" name="test_market_data_bg_status" time="0.115" /><testcase classname="backend.tests.test_v810_system_health.TestRoutesCount" name="test_routes_loaded_count" time="0.125" /></testsuite></testsuites>