<?xml version="1.0" encoding="utf-8"?><testsuites name="pytest tests"><testsuite name="pytest" errors="0" failures="0" skipped="0" tests="15" time="3.574" timestamp="2026-03-20T19:13:54.639356+00:00" hostname="agent-env-0893e9b8-6ccd-4028-86dd-a711e6edd989"><testcase classname="backend.tests.test_greeks_kelly_v480.TestHealthAndRoutes" name="test_health_endpoint" time="0.306" /><testcase classname="backend.tests.test_greeks_kelly_v480.TestAIGuardsStatus" name="test_ai_guards_status_returns_all_8_guards" time="0.153" /><testcase classname="backend.tests.test_greeks_kelly_v480.TestAIGuardsStatus" name="test_kelly_sizing_guard_has_required_fields" time="0.153" /><testcase classname="backend.tests.test_greeks_kelly_v480.TestAIGuardsStatus" name="test_greeks_filter_guard_has_required_fields" time="0.150" /><testcase classname="backend.tests.test_greeks_kelly_v480.TestAIGuardsToggle" name="test_toggle_kelly_sizing_off_then_on" time="0.576" /><testcase classname="backend.tests.test_greeks_kelly_v480.TestAIGuardsToggle" name="test_toggle_greeks_filter_off_then_on" time="0.559" /><testcase classname="backend.tests.test_greeks_kelly_v480.TestPositionSizing" name="test_position_sizing_returns_kelly_data" time="0.168" /><testcase classname="backend.tests.test_greeks_kelly_v480.TestPositionSizing" name="test_position_sizing_mode_change_conservative" time="0.158" /><testcase classname="backend.tests.test_greeks_kelly_v480.TestPositionSizing" name="test_position_sizing_mode_change_balanced" time="0.128" /><testcase classname="backend.tests.test_greeks_kelly_v480.TestPositionSizing" name="test_position_sizing_mode_change_aggressive" time="0.269" /><testcase classname="backend.tests.test_greeks_kelly_v480.TestOptionsGreeks" name="test_greeks_endpoint_returns_delta_gamma_theta_vega" time="0.177" /><testcase classname="backend.tests.test_greeks_kelly_v480.TestOptionsGreeks" name="test_greeks_endpoint_for_put_option" time="0.135" /><testcase classname="backend.tests.test_greeks_kelly_v480.TestOptionsChainGreeks" name="test_chain_greeks_returns_11_strikes" time="0.133" /><testcase classname="backend.tests.test_greeks_kelly_v480.TestIVAnalysis" name="test_iv_analysis_returns_summary_and_portfolio_greeks" time="0.171" /><testcase classname="backend.tests.test_greeks_kelly_v480.TestMaxDailyLossGuard" name="test_max_daily_loss_always_on" time="0.133" /></testsuite></testsuites>