<?xml version="1.0" encoding="utf-8"?><testsuites name="pytest tests"><testsuite name="pytest" errors="0" failures="0" skipped="0" tests="13" time="30.652" timestamp="2026-03-21T10:44:39.209728+00:00" hostname="agent-env-0893e9b8-6ccd-4028-86dd-a711e6edd989"><testcase classname="backend.tests.test_v510_deep_verification.TestHealthAndVersion" name="test_health_returns_13_routes_and_v510" time="0.188" /><testcase classname="backend.tests.test_v510_deep_verification.TestTelegramIntegration" name="test_telegram_status_configured" time="0.122" /><testcase classname="backend.tests.test_v510_deep_verification.TestTelegramIntegration" name="test_telegram_test_message" time="0.765" /><testcase classname="backend.tests.test_v510_deep_verification.TestTelegramIntegration" name="test_telegram_daily_summary" time="0.440" /><testcase classname="backend.tests.test_v510_deep_verification.TestTelegramIntegration" name="test_telegram_alerts_toggle" time="0.246" /><testcase classname="backend.tests.test_v510_deep_verification.TestExitAdvisor" name="test_exit_advisor_status" time="0.180" /><testcase classname="backend.tests.test_v510_deep_verification.TestExitAdvisor" name="test_exit_advisor_advice_empty" time="0.120" /><testcase classname="backend.tests.test_v510_deep_verification.TestExitAdvisor" name="test_exit_advisor_analyze_invalid_trade" time="0.120" /><testcase classname="backend.tests.test_v510_deep_verification.TestAIGuardsRegression" name="test_ai_guards_status_8_guards" time="0.120" /><testcase classname="backend.tests.test_v510_deep_verification.TestPositionSizingRegression" name="test_position_sizing_returns_kelly_analysis" time="0.118" /><testcase classname="backend.tests.test_v510_deep_verification.TestOptionsGreeksRegression" name="test_options_greeks_calculation" time="0.115" /><testcase classname="backend.tests.test_v510_deep_verification.TestNewsFetchRegression" name="test_news_fetch_returns_articles" time="27.873" /><testcase classname="backend.tests.test_v510_deep_verification.TestTelegramAlertIntegration" name="test_telegram_status_has_sent_count" time="0.177" /></testsuite></testsuites>