<?xml version="1.0" encoding="utf-8"?><testsuites name="pytest tests"><testsuite name="pytest" errors="0" failures="0" skipped="0" tests="20" time="3.406" timestamp="2026-03-20T08:13:16.723786+00:00" hostname="agent-env-2e48a439-7e8d-4f9b-bceb-9ae73ad2ae3a"><testcase classname="backend.tests.test_ai_sentiment_v43.TestAISentimentAnalysis" name="test_news_endpoint_accessible" time="0.248" /><testcase classname="backend.tests.test_ai_sentiment_v43.TestAISentimentAnalysis" name="test_ai_analysis_not_keyword_fallback" time="0.122" /><testcase classname="backend.tests.test_ai_sentiment_v43.TestAISentimentAnalysis" name="test_sentiment_signal_consistency_no_mismatches" time="0.122" /><testcase classname="backend.tests.test_ai_sentiment_v43.TestAISentimentAnalysis" name="test_india_crude_oil_context_bullish" time="0.124" /><testcase classname="backend.tests.test_ai_sentiment_v43.TestEmergencyStop" name="test_emergency_stop_activate" time="0.161" /><testcase classname="backend.tests.test_ai_sentiment_v43.TestEmergencyStop" name="test_emergency_stop_persists_in_settings" time="0.239" /><testcase classname="backend.tests.test_ai_sentiment_v43.TestEmergencyStop" name="test_emergency_stop_deactivate" time="0.154" /><testcase classname="backend.tests.test_ai_sentiment_v43.TestEmergencyStop" name="test_emergency_stop_persists_after_deactivation" time="0.323" /><testcase classname="backend.tests.test_ai_sentiment_v43.TestAutoTradingSettings" name="test_auto_entry_off_blocks_trades" time="0.257" /><testcase classname="backend.tests.test_ai_sentiment_v43.TestAutoTradingSettings" name="test_auto_exit_settings_persist" time="0.289" /><testcase classname="backend.tests.test_ai_sentiment_v43.TestSignalGeneration" name="test_signals_endpoint_accessible" time="0.119" /><testcase classname="backend.tests.test_ai_sentiment_v43.TestSignalGeneration" name="test_signals_have_sentiment_consistency" time="0.157" /><testcase classname="backend.tests.test_ai_sentiment_v43.TestTodayPnL" name="test_today_pnl_endpoint" time="0.125" /><testcase classname="backend.tests.test_ai_sentiment_v43.TestVersionAndUIElements" name="test_settings_accessible" time="0.116" /><testcase classname="backend.tests.test_ai_sentiment_v43.TestVersionAndUIElements" name="test_portfolio_endpoint" time="0.130" /><testcase classname="backend.tests.test_ai_sentiment_v43.TestVersionAndUIElements" name="test_stats_endpoint" time="0.119" /><testcase classname="backend.tests.test_ai_sentiment_v43.TestVersionAndUIElements" name="test_trades_active_endpoint" time="0.117" /><testcase classname="backend.tests.test_ai_sentiment_v43.TestAIInsightsAndJournal" name="test_ai_insights_endpoint" time="0.130" /><testcase classname="backend.tests.test_ai_sentiment_v43.TestAIInsightsAndJournal" name="test_journal_entries_endpoint" time="0.124" /><testcase classname="backend.tests.test_ai_sentiment_v43.TestCompositeScoreAndWeights" name="test_news_has_composite_score" time="0.118" /></testsuite></testsuites>