<?xml version="1.0" encoding="utf-8"?><testsuites name="pytest tests"><testsuite name="pytest" errors="0" failures="0" skipped="0" tests="15" time="1.752" timestamp="2026-03-18T08:02:03.404013+00:00" hostname="agent-env-87e26e54-45aa-4b75-9378-4fed53c9e4be"><testcase classname="backend.tests.test_ai_enhancements_iteration10.TestHealthEndpoint" name="test_health_endpoint_returns_healthy" time="0.171" /><testcase classname="backend.tests.test_ai_enhancements_iteration10.TestAIInsightsEndpoint" name="test_ai_insights_returns_success" time="0.101" /><testcase classname="backend.tests.test_ai_enhancements_iteration10.TestAIInsightsEndpoint" name="test_ai_insights_has_market_regime" time="0.101" /><testcase classname="backend.tests.test_ai_enhancements_iteration10.TestAIInsightsEndpoint" name="test_ai_insights_has_sector_rotation" time="0.107" /><testcase classname="backend.tests.test_ai_enhancements_iteration10.TestAIInsightsEndpoint" name="test_ai_insights_has_sentiment_depth" time="0.114" /><testcase classname="backend.tests.test_ai_enhancements_iteration10.TestAIInsightsEndpoint" name="test_ai_insights_has_performance_data" time="0.109" /><testcase classname="backend.tests.test_ai_enhancements_iteration10.TestAIInsightsEndpoint" name="test_ai_insights_has_regime_multiplier" time="0.095" /><testcase classname="backend.tests.test_ai_enhancements_iteration10.TestNewsFetchEnhancements" name="test_news_latest_has_enhanced_sentiment" time="0.104" /><testcase classname="backend.tests.test_ai_enhancements_iteration10.TestNewsFetchEnhancements" name="test_news_fetch_returns_valid_structure" time="0.097" /><testcase classname="backend.tests.test_ai_enhancements_iteration10.TestSignalsEnhancements" name="test_signals_endpoint_returns_success" time="0.136" /><testcase classname="backend.tests.test_ai_enhancements_iteration10.TestSignalsEnhancements" name="test_signals_have_base_fields" time="0.107" /><testcase classname="backend.tests.test_ai_enhancements_iteration10.TestSignalsEnhancements" name="test_signals_may_have_enhanced_scoring" time="0.114" /><testcase classname="backend.tests.test_ai_enhancements_iteration10.TestPortfolioAndStats" name="test_portfolio_endpoint" time="0.100" /><testcase classname="backend.tests.test_ai_enhancements_iteration10.TestPortfolioAndStats" name="test_stats_endpoint" time="0.104" /><testcase classname="backend.tests.test_ai_enhancements_iteration10.TestHistoricalPatterns" name="test_historical_patterns_endpoint" time="0.110" /></testsuite></testsuites>