<?xml version="1.0" encoding="utf-8"?><testsuites name="pytest tests"><testsuite name="pytest" errors="0" failures="0" skipped="0" tests="18" time="3.211" timestamp="2026-03-23T05:24:53.714232+00:00" hostname="agent-env-0283e0b2-9049-43e5-822b-1a8cc12182d0"><testcase classname="backend.tests.test_v1100_bug_fixes.TestHealthAndVersion" name="test_health_version" time="0.187" /><testcase classname="backend.tests.test_v1100_bug_fixes.TestBug1MaxTradeAmount" name="test_settings_has_max_per_trade" time="0.156" /><testcase classname="backend.tests.test_v1100_bug_fixes.TestBug1MaxTradeAmount" name="test_auto_trading_has_max_per_trade" time="0.155" /><testcase classname="backend.tests.test_v1100_bug_fixes.TestBug2StaleTradeCleanup" name="test_active_trades_endpoint" time="0.417" /><testcase classname="backend.tests.test_v1100_bug_fixes.TestBug2StaleTradeCleanup" name="test_trades_history_has_stale_closed" time="0.130" /><testcase classname="backend.tests.test_v1100_bug_fixes.TestBug3MaxDailyLossToggle" name="test_ai_guards_status_has_max_daily_loss" time="0.162" /><testcase classname="backend.tests.test_v1100_bug_fixes.TestBug3MaxDailyLossToggle" name="test_toggle_max_daily_loss_off" time="0.122" /><testcase classname="backend.tests.test_v1100_bug_fixes.TestBug3MaxDailyLossToggle" name="test_verify_max_daily_loss_disabled" time="0.123" /><testcase classname="backend.tests.test_v1100_bug_fixes.TestBug3MaxDailyLossToggle" name="test_toggle_max_daily_loss_on" time="0.123" /><testcase classname="backend.tests.test_v1100_bug_fixes.TestBug3MaxDailyLossToggle" name="test_verify_max_daily_loss_enabled" time="0.131" /><testcase classname="backend.tests.test_v1100_bug_fixes.TestBug4MarketDataStability" name="test_market_data_bg_status" time="0.120" /><testcase classname="backend.tests.test_v1100_bug_fixes.TestNewsSources" name="test_news_latest" time="0.143" /><testcase classname="backend.tests.test_v1100_bug_fixes.TestTelegramStatus" name="test_telegram_status" time="0.139" /><testcase classname="backend.tests.test_v1100_bug_fixes.TestAllAIGuards" name="test_all_guards_present" time="0.122" /><testcase classname="backend.tests.test_v1100_bug_fixes.TestRegressionChecks" name="test_signals_latest" time="0.126" /><testcase classname="backend.tests.test_v1100_bug_fixes.TestRegressionChecks" name="test_trades_today" time="0.411" /><testcase classname="backend.tests.test_v1100_bug_fixes.TestRegressionChecks" name="test_ai_insights" time="0.125" /><testcase classname="backend.tests.test_v1100_bug_fixes.TestRegressionChecks" name="test_historical_patterns" time="0.127" /></testsuite></testsuites>