<?xml version="1.0" encoding="utf-8"?><testsuites name="pytest tests"><testsuite name="pytest" errors="0" failures="0" skipped="0" tests="20" time="9.410" timestamp="2026-03-20T06:15:13.843720+00:00" hostname="agent-env-2e48a439-7e8d-4f9b-bceb-9ae73ad2ae3a"><testcase classname="backend.tests.test_auto_entry_bug_fix.TestAutoEntryOff" name="test_01_turn_off_auto_entry" time="0.319" /><testcase classname="backend.tests.test_auto_entry_bug_fix.TestAutoEntryOff" name="test_02_verify_auto_entry_off_in_settings" time="0.156" /><testcase classname="backend.tests.test_auto_entry_bug_fix.TestAutoEntryOff" name="test_03_count_trades_before_news_fetch" time="0.153" /><testcase classname="backend.tests.test_auto_entry_bug_fix.TestAutoEntryOff" name="test_04_fetch_news_with_auto_entry_off" time="2.328" /><testcase classname="backend.tests.test_auto_entry_bug_fix.TestAutoEntryOn" name="test_01_turn_on_auto_entry" time="0.158" /><testcase classname="backend.tests.test_auto_entry_bug_fix.TestAutoEntryOn" name="test_02_verify_auto_entry_on_in_settings" time="0.157" /><testcase classname="backend.tests.test_auto_entry_bug_fix.TestAutoEntryOn" name="test_03_cleanup_turn_off_auto_entry" time="0.154" /><testcase classname="backend.tests.test_auto_entry_bug_fix.TestAutoExitOn" name="test_01_turn_on_auto_exit" time="0.142" /><testcase classname="backend.tests.test_auto_entry_bug_fix.TestAutoExitOn" name="test_02_auto_exit_check_returns_valid_response" time="0.830" /><testcase classname="backend.tests.test_auto_entry_bug_fix.TestAutoExitOff" name="test_01_turn_off_auto_exit" time="0.162" /><testcase classname="backend.tests.test_auto_entry_bug_fix.TestAutoExitOff" name="test_02_auto_exit_check_returns_zero_when_off" time="0.865" /><testcase classname="backend.tests.test_auto_entry_bug_fix.TestAutoExitOff" name="test_03_turn_auto_exit_back_on" time="0.201" /><testcase classname="backend.tests.test_auto_entry_bug_fix.TestAutoExitReEntryBlocking" name="test_01_reentry_blocked_when_auto_entry_off" time="0.958" /><testcase classname="backend.tests.test_auto_entry_bug_fix.TestAutoExitReEntryBlocking" name="test_02_reentry_blocked_when_emergency_stop_on" time="1.243" /><testcase classname="backend.tests.test_auto_entry_bug_fix.TestSettingsReadFromDB" name="test_01_settings_update_persists_and_reads_correctly" time="0.427" /><testcase classname="backend.tests.test_auto_entry_bug_fix.TestEmergencyStopPersistence" name="test_01_emergency_stop_activation" time="0.148" /><testcase classname="backend.tests.test_auto_entry_bug_fix.TestEmergencyStopPersistence" name="test_02_emergency_stop_in_settings" time="0.154" /><testcase classname="backend.tests.test_auto_entry_bug_fix.TestEmergencyStopPersistence" name="test_03_emergency_stop_deactivation" time="0.170" /><testcase classname="backend.tests.test_auto_entry_bug_fix.TestTodayPnL" name="test_01_today_pnl_endpoint" time="0.154" /><testcase classname="backend.tests.test_auto_entry_bug_fix.TestVersionCheck" name="test_01_debug_endpoint_version" time="0.444" /></testsuite></testsuites>