<?xml version="1.0" encoding="utf-8"?><testsuites name="pytest tests"><testsuite name="pytest" errors="0" failures="0" skipped="0" tests="14" time="2.643" timestamp="2026-03-18T09:39:53.828098+00:00" hostname="agent-env-7faf5962-3491-4a4f-a883-fe85873e5fa2"><testcase classname="backend.tests.test_iteration14_features.TestMarketDataQuick" name="test_market_data_quick_returns_success" time="0.252" /><testcase classname="backend.tests.test_iteration14_features.TestMarketDataQuick" name="test_market_data_quick_response_time" time="0.134" /><testcase classname="backend.tests.test_iteration14_features.TestOIBuildupAlerts" name="test_oi_buildup_nifty" time="0.105" /><testcase classname="backend.tests.test_iteration14_features.TestOIBuildupAlerts" name="test_oi_buildup_banknifty" time="0.135" /><testcase classname="backend.tests.test_iteration14_features.TestOIBuildupAlerts" name="test_oi_buildup_gold_mcx" time="0.131" /><testcase classname="backend.tests.test_iteration14_features.TestOIBuildupAlerts" name="test_oi_buildup_invalid_instrument" time="0.156" /><testcase classname="backend.tests.test_iteration14_features.TestOIBuildupAlerts" name="test_oi_buildup_has_support_resistance" time="0.128" /><testcase classname="backend.tests.test_iteration14_features.TestOIBuildupAlerts" name="test_oi_buildup_has_pcr_alert" time="0.104" /><testcase classname="backend.tests.test_iteration14_features.TestAutoExitWithLiveExits" name="test_auto_exit_check_includes_live_exits" time="0.130" /><testcase classname="backend.tests.test_iteration14_features.TestRegressionHealth" name="test_health_endpoint" time="0.097" /><testcase classname="backend.tests.test_iteration14_features.TestRegressionHealth" name="test_brokers_list_still_returns_6" time="0.101" /><testcase classname="backend.tests.test_iteration14_features.TestRegressionHealth" name="test_option_chain_nifty_still_works" time="0.104" /><testcase classname="backend.tests.test_iteration14_features.TestOIBuildupAllInstruments" name="test_oi_buildup_all_index_instruments" time="0.648" /><testcase classname="backend.tests.test_iteration14_features.TestOIBuildupAllInstruments" name="test_oi_buildup_all_mcx_instruments" time="0.336" /></testsuite></testsuites>