<?xml version="1.0" encoding="utf-8"?><testsuites name="pytest tests"><testsuite name="pytest" errors="0" failures="0" skipped="0" tests="19" time="7.132" timestamp="2026-03-22T10:54:00.583262+00:00" hostname="agent-env-0283e0b2-9049-43e5-822b-1a8cc12182d0"><testcase classname="backend.tests.test_v800_version_fix.TestVersionFix" name="test_health_returns_version_8_0_0" time="0.264" /><testcase classname="backend.tests.test_v800_version_fix.TestVersionFix" name="test_debug_returns_version_8_0_0" time="0.167" /><testcase classname="backend.tests.test_v800_version_fix.TestVersionFix" name="test_auto_trade_test_returns_version_8_0_0" time="0.222" /><testcase classname="backend.tests.test_v800_version_fix.TestTelegramRoutes" name="test_telegram_status_not_404" time="0.153" /><testcase classname="backend.tests.test_v800_version_fix.TestTelegramRoutes" name="test_telegram_test_not_404" time="0.747" /><testcase classname="backend.tests.test_v800_version_fix.TestTelegramRoutes" name="test_telegram_morning_briefing_not_404" time="2.825" /><testcase classname="backend.tests.test_v800_version_fix.TestTelegramRoutes" name="test_telegram_daily_summary_not_404" time="0.436" /><testcase classname="backend.tests.test_v800_version_fix.TestOptionsRoutes" name="test_options_greeks_returns_valid_data" time="0.135" /><testcase classname="backend.tests.test_v800_version_fix.TestOptionsRoutes" name="test_position_sizing_returns_kelly_data" time="0.129" /><testcase classname="backend.tests.test_v800_version_fix.TestBackgroundJobs" name="test_exit_advisor_running" time="0.138" /><testcase classname="backend.tests.test_v800_version_fix.TestBackgroundJobs" name="test_health_shows_background_jobs_running" time="0.129" /><testcase classname="backend.tests.test_v800_version_fix.TestAIGuards" name="test_ai_guards_returns_8_guards" time="0.123" /><testcase classname="backend.tests.test_v800_version_fix.TestCoreAPIs" name="test_trades_active_returns_success" time="0.462" /><testcase classname="backend.tests.test_v800_version_fix.TestCoreAPIs" name="test_signals_latest_returns_success" time="0.130" /><testcase classname="backend.tests.test_v800_version_fix.TestCoreAPIs" name="test_auto_settings_returns_success" time="0.121" /><testcase classname="backend.tests.test_v800_version_fix.TestCoreAPIs" name="test_news_latest_returns_success" time="0.129" /><testcase classname="backend.tests.test_v800_version_fix.TestCoreAPIs" name="test_trades_history_returns_success" time="0.132" /><testcase classname="backend.tests.test_v800_version_fix.TestCoreAPIs" name="test_portfolio_returns_success" time="0.394" /><testcase classname="backend.tests.test_v800_version_fix.TestRoutesCount" name="test_routes_loaded_count_is_13" time="0.165" /></testsuite></testsuites>