<?xml version="1.0" encoding="utf-8"?><testsuites name="pytest tests"><testsuite name="pytest" errors="0" failures="0" skipped="0" tests="15" time="2.250" timestamp="2026-03-20T05:39:53.507381+00:00" hostname="agent-env-2e48a439-7e8d-4f9b-bceb-9ae73ad2ae3a"><testcase classname="backend.tests.test_pnl_aifeatures.TestTodayPnL" name="test_trades_today_endpoint_returns_success" time="0.190" /><testcase classname="backend.tests.test_pnl_aifeatures.TestTodayPnL" name="test_trades_today_returns_pnl_fields" time="0.118" /><testcase classname="backend.tests.test_pnl_aifeatures.TestTodayPnL" name="test_trades_today_unrealized_pnl_non_zero_with_open_trades" time="0.286" /><testcase classname="backend.tests.test_pnl_aifeatures.TestActiveTrades" name="test_active_trades_returns_success" time="0.119" /><testcase classname="backend.tests.test_pnl_aifeatures.TestActiveTrades" name="test_active_trades_have_live_pnl" time="0.151" /><testcase classname="backend.tests.test_pnl_aifeatures.TestAIBrain" name="test_ai_insights_returns_success" time="0.138" /><testcase classname="backend.tests.test_pnl_aifeatures.TestAIBrain" name="test_ai_insights_has_required_fields" time="0.122" /><testcase classname="backend.tests.test_pnl_aifeatures.TestAIBrain" name="test_ai_heatmap_returns_success" time="0.132" /><testcase classname="backend.tests.test_pnl_aifeatures.TestAIBrain" name="test_ai_heatmap_has_sectors_data" time="0.126" /><testcase classname="backend.tests.test_pnl_aifeatures.TestTechnicalAnalysis" name="test_technical_intervals_returns_success" time="0.131" /><testcase classname="backend.tests.test_pnl_aifeatures.TestTechnicalAnalysis" name="test_technical_intervals_has_required_data" time="0.131" /><testcase classname="backend.tests.test_pnl_aifeatures.TestTechnicalAnalysis" name="test_technical_analysis_returns_success" time="0.127" /><testcase classname="backend.tests.test_pnl_aifeatures.TestTechnicalAnalysis" name="test_technical_analysis_has_all_indicators" time="0.128" /><testcase classname="backend.tests.test_pnl_aifeatures.TestTechnicalAnalysis" name="test_technical_analysis_overall_signal" time="0.122" /><testcase classname="backend.tests.test_pnl_aifeatures.TestHealthAndVersion" name="test_health_endpoint" time="0.119" /></testsuite></testsuites>