<?xml version="1.0" encoding="utf-8"?><testsuites name="pytest tests"><testsuite name="pytest" errors="0" failures="0" skipped="0" tests="14" time="5.662" timestamp="2026-03-21T10:53:47.039680+00:00" hostname="agent-env-0893e9b8-6ccd-4028-86dd-a711e6edd989"><testcase classname="backend.tests.test_v600_morning_briefing.TestHealthAndVersion" name="test_health_returns_version_600" time="0.188" /><testcase classname="backend.tests.test_v600_morning_briefing.TestHealthAndVersion" name="test_health_returns_13_routes" time="0.120" /><testcase classname="backend.tests.test_v600_morning_briefing.TestHealthAndVersion" name="test_health_includes_morning_briefing_status" time="0.124" /><testcase classname="backend.tests.test_v600_morning_briefing.TestMorningBriefingEndpoint" name="test_morning_briefing_sends_successfully" time="3.314" /><testcase classname="backend.tests.test_v600_morning_briefing.TestTelegramStatus" name="test_telegram_status_returns_7_alert_types" time="0.120" /><testcase classname="backend.tests.test_v600_morning_briefing.TestTelegramStatus" name="test_telegram_status_includes_morning_briefing_status" time="0.123" /><testcase classname="backend.tests.test_v600_morning_briefing.TestTelegramAlerts" name="test_toggle_morning_briefing_off" time="0.120" /><testcase classname="backend.tests.test_v600_morning_briefing.TestTelegramAlerts" name="test_toggle_morning_briefing_on" time="0.125" /><testcase classname="backend.tests.test_v600_morning_briefing.TestTelegramExistingEndpoints" name="test_telegram_test_still_works" time="0.432" /><testcase classname="backend.tests.test_v600_morning_briefing.TestTelegramExistingEndpoints" name="test_telegram_daily_summary_still_works" time="0.425" /><testcase classname="backend.tests.test_v600_morning_briefing.TestRegressionExitAdvisor" name="test_exit_advisor_status_running" time="0.144" /><testcase classname="backend.tests.test_v600_morning_briefing.TestRegressionAIGuards" name="test_ai_guards_returns_all_8_guards" time="0.127" /><testcase classname="backend.tests.test_v600_morning_briefing.TestRegressionPositionSizing" name="test_position_sizing_returns_kelly_with_trading_mode" time="0.117" /><testcase classname="backend.tests.test_v600_morning_briefing.TestRegressionOptionsGreeks" name="test_options_greeks_works_correctly" time="0.115" /></testsuite></testsuites>