<?xml version="1.0" encoding="utf-8"?><testsuites name="pytest tests"><testsuite name="pytest" errors="0" failures="0" skipped="0" tests="16" time="2.984" timestamp="2026-03-19T17:15:35.247822+00:00" hostname="agent-env-77b97f74-5d7b-444e-8ed1-f1ca75257768"><testcase classname="backend.tests.test_journal_feature.TestJournalFeature" name="test_journal_entries_returns_success" time="0.332" /><testcase classname="backend.tests.test_journal_feature.TestJournalFeature" name="test_journal_stats_returns_success" time="0.146" /><testcase classname="backend.tests.test_journal_feature.TestJournalFeature" name="test_journal_insights_returns_success" time="0.127" /><testcase classname="backend.tests.test_journal_feature.TestJournalFeature" name="test_journal_review_all_returns_success" time="0.192" /><testcase classname="backend.tests.test_journal_feature.TestJournalFeature" name="test_journal_entries_with_filters" time="0.486" /><testcase classname="backend.tests.test_journal_feature.TestOtherTabsStillWork" name="test_health_endpoint" time="0.188" /><testcase classname="backend.tests.test_journal_feature.TestOtherTabsStillWork" name="test_news_latest" time="0.122" /><testcase classname="backend.tests.test_journal_feature.TestOtherTabsStillWork" name="test_signals_latest" time="0.140" /><testcase classname="backend.tests.test_journal_feature.TestOtherTabsStillWork" name="test_trades_active" time="0.146" /><testcase classname="backend.tests.test_journal_feature.TestOtherTabsStillWork" name="test_trades_history" time="0.125" /><testcase classname="backend.tests.test_journal_feature.TestOtherTabsStillWork" name="test_portfolio" time="0.142" /><testcase classname="backend.tests.test_journal_feature.TestOtherTabsStillWork" name="test_stats" time="0.155" /><testcase classname="backend.tests.test_journal_feature.TestOtherTabsStillWork" name="test_tax_report" time="0.157" /><testcase classname="backend.tests.test_journal_feature.TestOtherTabsStillWork" name="test_ai_insights" time="0.150" /><testcase classname="backend.tests.test_journal_feature.TestOtherTabsStillWork" name="test_technical_analysis" time="0.124" /><testcase classname="backend.tests.test_journal_feature.TestOtherTabsStillWork" name="test_option_chain" time="0.180" /></testsuite></testsuites>