<?xml version="1.0" encoding="utf-8"?><testsuites name="pytest tests"><testsuite name="pytest" errors="0" failures="0" skipped="0" tests="13" time="6.518" timestamp="2026-03-20T05:59:47.418857+00:00" hostname="agent-env-2e48a439-7e8d-4f9b-bceb-9ae73ad2ae3a"><testcase classname="backend.tests.test_v420_bugfixes.TestEmergencyStop" name="test_01_activate_emergency_stop" time="0.253" /><testcase classname="backend.tests.test_v420_bugfixes.TestEmergencyStop" name="test_02_verify_emergency_stop_persists_in_settings" time="0.815" /><testcase classname="backend.tests.test_v420_bugfixes.TestEmergencyStop" name="test_03_news_fetch_blocked_when_emergency_stop_active" time="1.981" /><testcase classname="backend.tests.test_v420_bugfixes.TestEmergencyStop" name="test_04_deactivate_emergency_stop" time="0.158" /><testcase classname="backend.tests.test_v420_bugfixes.TestEmergencyStop" name="test_05_verify_emergency_stop_off_in_settings" time="0.796" /><testcase classname="backend.tests.test_v420_bugfixes.TestSignalGeneratorCallPut" name="test_01_signals_endpoint_returns_valid_signals" time="0.139" /><testcase classname="backend.tests.test_v420_bugfixes.TestMaxPerTradeEnforcement" name="test_01_verify_risk_settings_max_per_trade" time="0.126" /><testcase classname="backend.tests.test_v420_bugfixes.TestMaxPerTradeEnforcement" name="test_02_active_trades_respect_max_per_trade" time="0.246" /><testcase classname="backend.tests.test_v420_bugfixes.TestAIJournalBlocking" name="test_01_historical_patterns_endpoint" time="0.118" /><testcase classname="backend.tests.test_v420_bugfixes.TestEntryPriceSync" name="test_01_active_trades_have_entry_price" time="0.133" /><testcase classname="backend.tests.test_v420_bugfixes.TestAutoExitEmergencyStop" name="test_01_auto_exit_check_respects_emergency_stop" time="1.194" /><testcase classname="backend.tests.test_v420_bugfixes.TestTodayPnL" name="test_01_today_pnl_with_open_trades" time="0.127" /><testcase classname="backend.tests.test_v420_bugfixes.TestVersionCheck" name="test_01_check_api_status_or_version" time="0.368" /></testsuite></testsuites>