<?xml version="1.0" encoding="utf-8"?><testsuites name="pytest tests"><testsuite name="pytest" errors="0" failures="0" skipped="0" tests="14" time="5.389" timestamp="2026-03-17T18:56:01.042214+00:00" hostname="agent-env-f33ba27a-c980-429a-8642-2b8cf37a9b45"><testcase classname="backend.tests.test_iteration7_features.TestHealthAndStatus" name="test_health_endpoint" time="0.206" /><testcase classname="backend.tests.test_iteration7_features.TestHealthAndStatus" name="test_portfolio_endpoint" time="0.181" /><testcase classname="backend.tests.test_iteration7_features.TestSquareOffCheck" name="test_square_off_check_returns_correct_structure" time="0.181" /><testcase classname="backend.tests.test_iteration7_features.TestHistoricalPatterns" name="test_historical_patterns_structure" time="0.139" /><testcase classname="backend.tests.test_iteration7_features.TestNewsDeduplication" name="test_news_fetch_returns_success" time="1.179" /><testcase classname="backend.tests.test_iteration7_features.TestNewsDeduplication" name="test_news_deduplication_second_fetch" time="1.808" /><testcase classname="backend.tests.test_iteration7_features.TestNewsSectorField" name="test_news_latest_has_sector_field" time="0.480" /><testcase classname="backend.tests.test_iteration7_features.TestDailySummary" name="test_daily_summary_structure" time="0.243" /><testcase classname="backend.tests.test_iteration7_features.TestTelegramNotConfigured" name="test_telegram_not_configured_error" time="0.122" /><testcase classname="backend.tests.test_iteration7_features.TestTradesEndpoints" name="test_trades_today" time="0.124" /><testcase classname="backend.tests.test_iteration7_features.TestTradesEndpoints" name="test_trades_history" time="0.229" /><testcase classname="backend.tests.test_iteration7_features.TestTradesEndpoints" name="test_trades_active" time="0.131" /><testcase classname="backend.tests.test_iteration7_features.TestCombinedStatus" name="test_combined_status" time="0.157" /><testcase classname="backend.tests.test_iteration7_features.TestSignalsEndpoints" name="test_signals_latest" time="0.138" /></testsuite></testsuites>