<?xml version="1.0" encoding="utf-8"?><testsuites name="pytest tests"><testsuite name="pytest" errors="0" failures="0" skipped="0" tests="16" time="4.639" timestamp="2026-03-20T15:00:06.493790+00:00" hostname="agent-env-42a6b319-8fef-4dcf-b37b-f41060f5f60b"><testcase classname="backend.tests.test_v430_bug_fixes.TestTechnicalAnalysis" name="test_nifty50_5minute_upstox_data" time="0.829" /><testcase classname="backend.tests.test_v430_bug_fixes.TestTechnicalAnalysis" name="test_banknifty_30minute_upstox_data" time="0.644" /><testcase classname="backend.tests.test_v430_bug_fixes.TestTechnicalAnalysis" name="test_technical_indicators_present" time="0.191" /><testcase classname="backend.tests.test_v430_bug_fixes.TestSignalsEndpoint" name="test_signals_latest" time="0.142" /><testcase classname="backend.tests.test_v430_bug_fixes.TestAutoSettings" name="test_get_auto_settings" time="0.129" /><testcase classname="backend.tests.test_v430_bug_fixes.TestAutoSettings" name="test_update_auto_settings" time="0.144" /><testcase classname="backend.tests.test_v430_bug_fixes.TestAutoExit" name="test_auto_exit_check" time="0.425" /><testcase classname="backend.tests.test_v430_bug_fixes.TestTrades" name="test_trades_today" time="0.454" /><testcase classname="backend.tests.test_v430_bug_fixes.TestTrades" name="test_trades_active" time="0.527" /><testcase classname="backend.tests.test_v430_bug_fixes.TestDebugEndpoint" name="test_debug_auto_trade" time="0.185" /><testcase classname="backend.tests.test_v430_bug_fixes.TestNews" name="test_news_latest" time="0.134" /><testcase classname="backend.tests.test_v430_bug_fixes.TestAIInsights" name="test_ai_insights" time="0.174" /><testcase classname="backend.tests.test_v430_bug_fixes.TestJournal" name="test_journal_entries" time="0.128" /><testcase classname="backend.tests.test_v430_bug_fixes.TestJournal" name="test_journal_stats" time="0.124" /><testcase classname="backend.tests.test_v430_bug_fixes.TestDailySummary" name="test_daily_summary" time="0.145" /><testcase classname="backend.tests.test_v430_bug_fixes.TestHistoricalPatterns" name="test_historical_patterns" time="0.145" /></testsuite></testsuites>