<?xml version="1.0" encoding="utf-8"?><testsuites name="pytest tests"><testsuite name="pytest" errors="0" failures="0" skipped="0" tests="17" time="3.940" timestamp="2026-03-20T19:33:13.939862+00:00" hostname="agent-env-0893e9b8-6ccd-4028-86dd-a711e6edd989"><testcase classname="backend.tests.test_v500_bg_fetcher.TestV500HealthAndVersion" name="test_health_version_500" time="0.178" /><testcase classname="backend.tests.test_v500_bg_fetcher.TestV500HealthAndVersion" name="test_health_routes_loaded_12" time="0.173" /><testcase classname="backend.tests.test_v500_bg_fetcher.TestV500HealthAndVersion" name="test_health_background_fetcher_object" time="0.167" /><testcase classname="backend.tests.test_v500_bg_fetcher.TestBackgroundFetcherStatus" name="test_bg_status_endpoint_exists" time="0.186" /><testcase classname="backend.tests.test_v500_bg_fetcher.TestBackgroundFetcherStatus" name="test_bg_status_fetcher_object" time="0.150" /><testcase classname="backend.tests.test_v500_bg_fetcher.TestBackgroundFetcherStatus" name="test_bg_status_market_hours_boolean" time="0.183" /><testcase classname="backend.tests.test_v500_bg_fetcher.TestBackgroundFetcherStatus" name="test_bg_status_cached_data" time="0.152" /><testcase classname="backend.tests.test_v500_bg_fetcher.TestBackgroundFetcherStatus" name="test_bg_status_market_closed_outside_hours" time="0.159" /><testcase classname="backend.tests.test_v500_bg_fetcher.TestDebugEndpoint" name="test_debug_version_500" time="0.162" /><testcase classname="backend.tests.test_v500_bg_fetcher.TestDebugEndpoint" name="test_debug_market_data_section" time="0.149" /><testcase classname="backend.tests.test_v500_bg_fetcher.TestDebugEndpoint" name="test_debug_background_fetcher" time="0.149" /><testcase classname="backend.tests.test_v500_bg_fetcher.TestRegressionAIGuards" name="test_ai_guards_status_8_guards" time="0.164" /><testcase classname="backend.tests.test_v500_bg_fetcher.TestRegressionAIGuards" name="test_ai_guards_toggle_kelly" time="0.797" /><testcase classname="backend.tests.test_v500_bg_fetcher.TestRegressionAIGuards" name="test_ai_guards_toggle_greeks" time="0.626" /><testcase classname="backend.tests.test_v500_bg_fetcher.TestRegressionPositionSizing" name="test_position_sizing_trading_mode" time="0.150" /><testcase classname="backend.tests.test_v500_bg_fetcher.TestRegressionOptionsGreeks" name="test_options_greeks" time="0.143" /><testcase classname="backend.tests.test_v500_bg_fetcher.TestRegressionOptionsGreeks" name="test_chain_greeks" time="0.172" /></testsuite></testsuites>