<?xml version="1.0" encoding="utf-8"?><testsuites name="pytest tests"><testsuite name="pytest" errors="0" failures="0" skipped="0" tests="16" time="4.888" timestamp="2026-03-20T19:23:08.920899+00:00" hostname="agent-env-0893e9b8-6ccd-4028-86dd-a711e6edd989"><testcase classname="backend.tests.test_v480_bugfixes.TestHealthAndVersion" name="test_health_returns_12_routes_and_version_480" time="0.325" /><testcase classname="backend.tests.test_v480_bugfixes.TestBugFix2_KellyModeFiltering" name="test_position_sizing_returns_trading_mode_field" time="0.170" /><testcase classname="backend.tests.test_v480_bugfixes.TestBugFix2_KellyModeFiltering" name="test_kelly_stats_in_ai_guards_filtered_by_mode" time="0.154" /><testcase classname="backend.tests.test_v480_bugfixes.TestAIGuardsStatus" name="test_ai_guards_returns_all_8_guards" time="0.225" /><testcase classname="backend.tests.test_v480_bugfixes.TestAIGuardsToggle" name="test_toggle_kelly_sizing_off_then_on" time="0.348" /><testcase classname="backend.tests.test_v480_bugfixes.TestAIGuardsToggle" name="test_toggle_greeks_filter_off_then_on" time="0.395" /><testcase classname="backend.tests.test_v480_bugfixes.TestPositionSizingModes" name="test_position_sizing_mode_conservative" time="0.180" /><testcase classname="backend.tests.test_v480_bugfixes.TestPositionSizingModes" name="test_position_sizing_mode_balanced" time="0.148" /><testcase classname="backend.tests.test_v480_bugfixes.TestPositionSizingModes" name="test_position_sizing_mode_aggressive" time="0.322" /><testcase classname="backend.tests.test_v480_bugfixes.TestOptionsGreeks" name="test_greeks_endpoint_ce_option" time="0.161" /><testcase classname="backend.tests.test_v480_bugfixes.TestOptionsChainGreeks" name="test_chain_greeks_returns_11_strikes" time="0.602" /><testcase classname="backend.tests.test_v480_bugfixes.TestIVAnalysis" name="test_iv_analysis_returns_summary" time="0.168" /><testcase classname="backend.tests.test_v480_bugfixes.TestMaxDailyLossBlocking" name="test_max_daily_loss_is_blocking" time="0.175" /><testcase classname="backend.tests.test_v480_bugfixes.TestConflictCheck_KellyOff" name="test_signal_without_kelly_when_disabled" time="0.515" /><testcase classname="backend.tests.test_v480_bugfixes.TestConflictCheck_GreeksOff" name="test_signal_without_greeks_when_disabled" time="0.447" /><testcase classname="backend.tests.test_v480_bugfixes.TestConflictCheck_MaxDailyLossStillBlocking" name="test_max_daily_loss_blocks_new_trades" time="0.473" /></testsuite></testsuites>