<?xml version="1.0" encoding="utf-8"?><testsuites name="pytest tests"><testsuite name="pytest" errors="0" failures="0" skipped="0" tests="22" time="2.992" timestamp="2026-03-18T13:18:13.330278+00:00" hostname="agent-env-43edcaef-c5a6-4dce-88f7-b7da607a1b2d"><testcase classname="backend.tests.test_iteration18_bugfixes.TestOptionChainInstruments" name="test_instruments_endpoint_returns_success" time="0.223" /><testcase classname="backend.tests.test_iteration18_bugfixes.TestOptionChainInstruments" name="test_instruments_returns_object_not_array" time="0.121" /><testcase classname="backend.tests.test_iteration18_bugfixes.TestOptionChainInstruments" name="test_instruments_count_is_nine" time="0.160" /><testcase classname="backend.tests.test_iteration18_bugfixes.TestOptionChainInstruments" name="test_all_index_instruments_present" time="0.158" /><testcase classname="backend.tests.test_iteration18_bugfixes.TestOptionChainInstruments" name="test_all_mcx_commodities_present" time="0.124" /><testcase classname="backend.tests.test_iteration18_bugfixes.TestOptionChainInstruments" name="test_instruments_have_label_field" time="0.109" /><testcase classname="backend.tests.test_iteration18_bugfixes.TestOptionChainInstruments" name="test_instruments_have_exchange_field" time="0.173" /><testcase classname="backend.tests.test_iteration18_bugfixes.TestOptionChainInstruments" name="test_mcx_instruments_have_correct_exchange" time="0.115" /><testcase classname="backend.tests.test_iteration18_bugfixes.TestOptionChainData" name="test_nifty50_option_chain" time="0.122" /><testcase classname="backend.tests.test_iteration18_bugfixes.TestOptionChainData" name="test_gold_option_chain" time="0.113" /><testcase classname="backend.tests.test_iteration18_bugfixes.TestOptionChainData" name="test_crudeoil_option_chain" time="0.120" /><testcase classname="backend.tests.test_iteration18_bugfixes.TestOptionChainData" name="test_silver_option_chain" time="0.178" /><testcase classname="backend.tests.test_iteration18_bugfixes.TestBrokersEndpoint" name="test_brokers_list_returns_success" time="0.116" /><testcase classname="backend.tests.test_iteration18_bugfixes.TestBrokersEndpoint" name="test_brokers_have_description_field" time="0.113" /><testcase classname="backend.tests.test_iteration18_bugfixes.TestInstrumentsEndpoint" name="test_instruments_endpoint_returns_success" time="0.110" /><testcase classname="backend.tests.test_iteration18_bugfixes.TestInstrumentsEndpoint" name="test_instruments_includes_mcx" time="0.114" /><testcase classname="backend.tests.test_iteration18_bugfixes.TestInstrumentsEndpoint" name="test_instruments_details_include_exchange" time="0.112" /><testcase classname="backend.tests.test_iteration18_bugfixes.TestAppVersion" name="test_root_endpoint_version" time="0.122" /><testcase classname="backend.tests.test_iteration18_bugfixes.TestMarketStatus" name="test_market_status_returns_success" time="0.137" /><testcase classname="backend.tests.test_iteration18_bugfixes.TestHealthAndRegression" name="test_health_endpoint" time="0.102" /><testcase classname="backend.tests.test_iteration18_bugfixes.TestHealthAndRegression" name="test_settings_endpoint" time="0.123" /><testcase classname="backend.tests.test_iteration18_bugfixes.TestHealthAndRegression" name="test_portfolio_endpoint" time="0.139" /></testsuite></testsuites>