<?xml version="1.0" encoding="utf-8"?><testsuites name="pytest tests"><testsuite name="pytest" errors="0" failures="0" skipped="0" tests="11" time="2.213" timestamp="2026-03-18T10:15:24.112107+00:00" hostname="agent-env-7faf5962-3491-4a4f-a883-fe85873e5fa2"><testcase classname="backend.tests.test_iteration16_bugfixes.TestAutoEntryStatus" name="test_auto_entry_status_returns_correct_fields" time="0.147" /><testcase classname="backend.tests.test_iteration16_bugfixes.TestAutoEntryStatus" name="test_auto_entry_is_enabled" time="0.120" /><testcase classname="backend.tests.test_iteration16_bugfixes.TestSettingsUpdate" name="test_update_auto_trading_settings" time="0.506" /><testcase classname="backend.tests.test_iteration16_bugfixes.TestSettingsUpdate" name="test_update_trading_mode" time="0.482" /><testcase classname="backend.tests.test_iteration16_bugfixes.TestMarketDataQuick" name="test_market_data_quick_returns_fast" time="0.120" /><testcase classname="backend.tests.test_iteration16_bugfixes.TestMarketDataQuick" name="test_market_data_quick_source_field" time="0.123" /><testcase classname="backend.tests.test_iteration16_bugfixes.TestBrokerConnection" name="test_broker_connection_status" time="0.119" /><testcase classname="backend.tests.test_iteration16_bugfixes.TestHealthEndpoint" name="test_health_returns_healthy" time="0.113" /><testcase classname="backend.tests.test_iteration16_bugfixes.TestRegressionOptionChain" name="test_option_chain_nifty_works" time="0.156" /><testcase classname="backend.tests.test_iteration16_bugfixes.TestInstrumentsAPI" name="test_get_instruments" time="0.130" /><testcase classname="backend.tests.test_iteration16_bugfixes.TestSettingsPersistence" name="test_get_settings" time="0.131" /></testsuite></testsuites>