<?xml version="1.0" encoding="utf-8"?><testsuites name="pytest tests"><testsuite name="pytest" errors="0" failures="0" skipped="0" tests="21" time="7.323" timestamp="2026-03-21T14:16:45.528730+00:00" hostname="agent-env-bb848ac8-5048-40f1-af46-57b779fbff02"><testcase classname="backend.tests.test_v700_final_verification.TestHealthAndVersion" name="test_health_returns_v600" time="0.200" /><testcase classname="backend.tests.test_v700_final_verification.TestHealthAndVersion" name="test_health_routes_loaded_13" time="0.138" /><testcase classname="backend.tests.test_v700_final_verification.TestHealthAndVersion" name="test_health_background_jobs_running" time="0.122" /><testcase classname="backend.tests.test_v700_final_verification.TestTelegramEndpoints" name="test_telegram_status" time="0.140" /><testcase classname="backend.tests.test_v700_final_verification.TestTelegramEndpoints" name="test_telegram_test_message" time="0.720" /><testcase classname="backend.tests.test_v700_final_verification.TestTelegramEndpoints" name="test_telegram_daily_summary" time="0.437" /><testcase classname="backend.tests.test_v700_final_verification.TestTelegramEndpoints" name="test_telegram_morning_briefing" time="3.078" /><testcase classname="backend.tests.test_v700_final_verification.TestAIGuards" name="test_ai_guards_status" time="0.140" /><testcase classname="backend.tests.test_v700_final_verification.TestExitAdvisor" name="test_exit_advisor_status" time="0.129" /><testcase classname="backend.tests.test_v700_final_verification.TestExitAdvisor" name="test_exit_advisor_advice" time="0.148" /><testcase classname="backend.tests.test_v700_final_verification.TestPositionSizing" name="test_position_sizing" time="0.126" /><testcase classname="backend.tests.test_v700_final_verification.TestOptionsGreeks" name="test_options_greeks" time="0.127" /><testcase classname="backend.tests.test_v700_final_verification.TestTradeEndpoints" name="test_trades_active" time="0.492" /><testcase classname="backend.tests.test_v700_final_verification.TestTradeEndpoints" name="test_trades_today" time="0.382" /><testcase classname="backend.tests.test_v700_final_verification.TestTradeEndpoints" name="test_trades_history" time="0.128" /><testcase classname="backend.tests.test_v700_final_verification.TestSignalsEndpoint" name="test_signals_latest" time="0.127" /><testcase classname="backend.tests.test_v700_final_verification.TestAutoSettings" name="test_auto_settings" time="0.118" /><testcase classname="backend.tests.test_v700_final_verification.TestMarketDataBgStatus" name="test_market_data_bg_status" time="0.135" /><testcase classname="backend.tests.test_v700_final_verification.TestBugFixVerification" name="test_exit_advisor_pnl_calculation" time="0.112" /><testcase classname="backend.tests.test_v700_final_verification.TestBugFixVerification" name="test_telegram_trade_entry_alert_live" time="0.122" /><testcase classname="backend.tests.test_v700_final_verification.TestBugFixVerification" name="test_version_console_log_fixed" time="0.118" /></testsuite></testsuites>