<?xml version="1.0" encoding="utf-8"?><testsuites name="pytest tests"><testsuite name="pytest" errors="0" failures="1" skipped="0" tests="9" time="9.664" timestamp="2026-03-23T06:17:35.465419+00:00" hostname="agent-env-0800a951-89ac-47b0-903e-e6ceafb8806d"><testcase classname="backend.tests.test_v1500_telegram_guard_fixes.TestHealthAndVersion" name="test_health_endpoint_returns_v15" time="0.197" /><testcase classname="backend.tests.test_v1500_telegram_guard_fixes.TestAIGuardsStatus" name="test_ai_guards_status_returns_all_guards" time="0.128"><failure message="AssertionError: Missing guard: ai_journal_block&#10;assert 'ai_journal_block' in {'greeks_filter': {'description': 'Options Greeks &amp; IV analysis filters bad options', 'enabled': True}, 'kelly_sizing': {'consecutive_losses': 0, 'description': 'AI decides how much to invest per trade', 'enabled': True, 'mode': 'conservative', ...}, 'market_regime_filter': {'blocked': False, 'confidence': 0, 'current_regime': 'UNKNOWN', 'enabled': True}, 'max_daily_loss': {'blocked': False, 'enabled': True, 'limit': 10000, 'today_loss': 0}, ...}">backend/tests/test_v1500_telegram_guard_fixes.py:45: in test_ai_guards_status_returns_all_guards
    assert guard in guards, f"Missing guard: {guard}"
E   AssertionError: Missing guard: ai_journal_block
E   assert 'ai_journal_block' in {'greeks_filter': {'description': 'Options Greeks &amp; IV analysis filters bad options', 'enabled': True}, 'kelly_sizing': {'consecutive_losses': 0, 'description': 'AI decides how much to invest per trade', 'enabled': True, 'mode': 'conservative', ...}, 'market_regime_filter': {'blocked': False, 'confidence': 0, 'current_regime': 'UNKNOWN', 'enabled': True}, 'max_daily_loss': {'blocked': False, 'enabled': True, 'limit': 10000, 'today_loss': 0}, ...}</failure></testcase><testcase classname="backend.tests.test_v1500_telegram_guard_fixes.TestNewsFetchGuardBlocking" name="test_news_fetch_with_emergency_stop" time="0.426" /><testcase classname="backend.tests.test_v1500_telegram_guard_fixes.TestNewsFetchGuardBlocking" name="test_news_fetch_with_max_daily_loss_guard" time="5.283" /><testcase classname="backend.tests.test_v1500_telegram_guard_fixes.TestNewsFetchGuardBlocking" name="test_news_fetch_with_max_daily_profit_guard" time="1.550" /><testcase classname="backend.tests.test_v1500_telegram_guard_fixes.TestSignalTypeField" name="test_signals_have_signal_type_field" time="0.122" /><testcase classname="backend.tests.test_v1500_telegram_guard_fixes.TestTelegramFormatting" name="test_telegram_status_endpoint" time="0.123" /><testcase classname="backend.tests.test_v1500_telegram_guard_fixes.TestNewsFetchNormalOperation" name="test_news_fetch_returns_articles_with_sentiment" time="1.541" /><testcase classname="backend.tests.test_v1500_telegram_guard_fixes.TestSettingsEndpoint" name="test_settings_returns_ai_guards" time="0.129" /></testsuite></testsuites>