<?xml version="1.0" encoding="utf-8"?><testsuites name="pytest tests"><testsuite name="pytest" errors="0" failures="0" skipped="0" tests="15" time="3.439" timestamp="2026-03-18T08:52:59.145868+00:00" hostname="agent-env-7faf5962-3491-4a4f-a883-fe85873e5fa2"><testcase classname="tests.test_iteration11_new_features.TestHealthAndBasics" name="test_health_endpoint_returns_healthy" time="0.225" /><testcase classname="tests.test_iteration11_new_features.TestMultiInstrumentTrading" name="test_get_instruments_returns_all_four" time="0.097" /><testcase classname="tests.test_iteration11_new_features.TestMultiInstrumentTrading" name="test_instruments_have_correct_details" time="0.128" /><testcase classname="tests.test_iteration11_new_features.TestMultiInstrumentTrading" name="test_set_instrument_to_banknifty" time="0.243" /><testcase classname="tests.test_iteration11_new_features.TestMultiInstrumentTrading" name="test_set_instrument_to_finnifty" time="0.214" /><testcase classname="tests.test_iteration11_new_features.TestMultiInstrumentTrading" name="test_set_instrument_to_midcpnifty" time="0.215" /><testcase classname="tests.test_iteration11_new_features.TestMultiInstrumentTrading" name="test_set_invalid_instrument_returns_error" time="0.108" /><testcase classname="tests.test_iteration11_new_features.TestMultiInstrumentTrading" name="test_reset_instrument_to_nifty50" time="0.095" /><testcase classname="tests.test_iteration11_new_features.TestNewNewsSources" name="test_settings_contains_new_news_sources" time="0.139" /><testcase classname="tests.test_iteration11_new_features.TestNewNewsSources" name="test_news_fetch_returns_articles" time="0.633" /><testcase classname="tests.test_iteration11_new_features.TestNewNewsSources" name="test_news_latest_contains_various_sources" time="0.127" /><testcase classname="tests.test_iteration11_new_features.TestNewNewsSources" name="test_news_articles_have_required_fields" time="0.107" /><testcase classname="tests.test_iteration11_new_features.TestSettingsUpdate" name="test_update_news_sources" time="0.373" /><testcase classname="tests.test_iteration11_new_features.TestSettingsUpdate" name="test_update_trading_instrument_via_settings" time="0.341" /><testcase classname="tests.test_iteration11_new_features.TestInstrumentPersistence" name="test_instrument_persists_in_settings" time="0.304" /></testsuite></testsuites>