<?xml version="1.0" encoding="utf-8"?><testsuites name="pytest tests"><testsuite name="pytest" errors="0" failures="0" skipped="0" tests="14" time="6.304" timestamp="2026-03-20T18:48:26.456353+00:00" hostname="agent-env-42a6b319-8fef-4dcf-b37b-f41060f5f60b"><testcase classname="backend.tests.test_ai_guards_v470.TestAIGuardsStatus" name="test_ai_guards_status_returns_all_6_guards" time="0.317" /><testcase classname="backend.tests.test_ai_guards_v470.TestAIGuardsStatus" name="test_time_of_day_filter_shows_current_window" time="0.127" /><testcase classname="backend.tests.test_ai_guards_v470.TestAIGuardsStatus" name="test_max_daily_loss_shows_today_loss_and_limit" time="0.137" /><testcase classname="backend.tests.test_ai_guards_v470.TestAIGuardsStatus" name="test_market_regime_filter_shows_regime_and_confidence" time="0.124" /><testcase classname="backend.tests.test_ai_guards_v470.TestAIGuardsStatus" name="test_multi_source_verification_shows_recent_sources" time="0.128" /><testcase classname="backend.tests.test_ai_guards_v470.TestAIGuardsToggle" name="test_toggle_multi_timeframe_off_then_on" time="0.628" /><testcase classname="backend.tests.test_ai_guards_v470.TestAIGuardsToggle" name="test_toggle_trailing_stop_off_then_on" time="0.262" /><testcase classname="backend.tests.test_ai_guards_v470.TestTechnicalAnalysis" name="test_technical_analysis_nifty_5minute_returns_upstox_source" time="0.835" /><testcase classname="backend.tests.test_ai_guards_v470.TestTechnicalAnalysis" name="test_technical_analysis_banknifty_30minute" time="0.560" /><testcase classname="backend.tests.test_ai_guards_v470.TestAutoExitAndTrailingSL" name="test_auto_exit_check_works_without_errors" time="0.484" /><testcase classname="backend.tests.test_ai_guards_v470.TestSignalsAndNews" name="test_signals_latest_returns_valid_data" time="0.141" /><testcase classname="backend.tests.test_ai_guards_v470.TestSignalsAndNews" name="test_news_latest_returns_news_with_sentiment" time="0.143" /><testcase classname="backend.tests.test_ai_guards_v470.TestTradesToday" name="test_trades_today_returns_valid_data" time="0.590" /><testcase classname="backend.tests.test_ai_guards_v470.TestTaxReportsRegression" name="test_tax_report_endpoint_works" time="1.744" /></testsuite></testsuites>