<?xml version="1.0" encoding="utf-8"?><testsuites name="pytest tests"><testsuite name="pytest" errors="0" failures="0" skipped="0" tests="13" time="3.830" timestamp="2026-03-21T09:33:00.235071+00:00" hostname="agent-env-0893e9b8-6ccd-4028-86dd-a711e6edd989"><testcase classname="backend.tests.test_v510_telegram.TestHealthAndVersion" name="test_health_returns_13_routes" time="0.193" /><testcase classname="backend.tests.test_v510_telegram.TestTelegramStatus" name="test_telegram_status_configured" time="0.131" /><testcase classname="backend.tests.test_v510_telegram.TestTelegramStatus" name="test_telegram_all_6_alert_types_enabled" time="0.151" /><testcase classname="backend.tests.test_v510_telegram.TestTelegramTest" name="test_telegram_send_test_message" time="0.722" /><testcase classname="backend.tests.test_v510_telegram.TestTelegramAlerts" name="test_telegram_update_alerts_disable_signals" time="0.248" /><testcase classname="backend.tests.test_v510_telegram.TestTelegramAlerts" name="test_telegram_alerts_missing_body" time="0.128" /><testcase classname="backend.tests.test_v510_telegram.TestExitAdvisor" name="test_exit_advisor_status_running" time="0.134" /><testcase classname="backend.tests.test_v510_telegram.TestExitAdvisor" name="test_exit_advisor_advice_returns_map" time="0.125" /><testcase classname="backend.tests.test_v510_telegram.TestExitAdvisor" name="test_exit_advisor_analyze_invalid_trade_id" time="0.125" /><testcase classname="backend.tests.test_v510_telegram.TestRegressionAIGuards" name="test_ai_guards_status_returns_8_guards" time="0.122" /><testcase classname="backend.tests.test_v510_telegram.TestRegressionPositionSizing" name="test_position_sizing_returns_kelly_with_trading_mode" time="0.115" /><testcase classname="backend.tests.test_v510_telegram.TestRegressionOptionsGreeks" name="test_options_greeks_works_correctly" time="0.116" /><testcase classname="backend.tests.test_v510_telegram.TestRegressionNewsFetch" name="test_news_fetch_endpoint_works" time="1.448" /></testsuite></testsuites>