<?xml version="1.0" encoding="utf-8"?><testsuites name="pytest tests"><testsuite name="pytest" errors="0" failures="0" skipped="0" tests="18" time="61.648" timestamp="2026-03-21T09:23:05.934966+00:00" hostname="agent-env-0893e9b8-6ccd-4028-86dd-a711e6edd989"><testcase classname="backend.tests.test_v510_exit_advisor.TestHealthAndVersion" name="test_health_returns_version_510" time="0.258" /><testcase classname="backend.tests.test_v510_exit_advisor.TestHealthAndVersion" name="test_health_returns_12_routes" time="0.164" /><testcase classname="backend.tests.test_v510_exit_advisor.TestHealthAndVersion" name="test_health_has_background_fetcher" time="0.119" /><testcase classname="backend.tests.test_v510_exit_advisor.TestExitAdvisorStatus" name="test_exit_advisor_status_returns_success" time="0.129" /><testcase classname="backend.tests.test_v510_exit_advisor.TestExitAdvisorStatus" name="test_exit_advisor_status_has_advisor_object" time="0.179" /><testcase classname="backend.tests.test_v510_exit_advisor.TestExitAdvisorStatus" name="test_exit_advisor_is_running" time="0.141" /><testcase classname="backend.tests.test_v510_exit_advisor.TestExitAdvisorAdvice" name="test_exit_advisor_advice_returns_success" time="0.119" /><testcase classname="backend.tests.test_v510_exit_advisor.TestExitAdvisorAdvice" name="test_exit_advisor_advice_has_required_fields" time="0.115" /><testcase classname="backend.tests.test_v510_exit_advisor.TestExitAdvisorAnalyze" name="test_analyze_invalid_trade_returns_error" time="0.137" /><testcase classname="backend.tests.test_v510_exit_advisor.TestExitAdvisorAnalyze" name="test_analyze_missing_trade_id_returns_error" time="0.131" /><testcase classname="backend.tests.test_v510_exit_advisor.TestRegressionAIGuards" name="test_ai_guards_status_returns_8_guards" time="0.136" /><testcase classname="backend.tests.test_v510_exit_advisor.TestRegressionPositionSizing" name="test_position_sizing_returns_trading_mode" time="0.121" /><testcase classname="backend.tests.test_v510_exit_advisor.TestRegressionPositionSizing" name="test_position_sizing_has_kelly_fields" time="0.122" /><testcase classname="backend.tests.test_v510_exit_advisor.TestRegressionOptionsGreeks" name="test_options_greeks_returns_success" time="0.127" /><testcase classname="backend.tests.test_v510_exit_advisor.TestRegressionOptionsGreeks" name="test_options_greeks_has_greek_values" time="0.126" /><testcase classname="backend.tests.test_v510_exit_advisor.TestRegressionNewsFetch" name="test_news_fetch_returns_articles" time="30.070" /><testcase classname="backend.tests.test_v510_exit_advisor.TestRegressionNewsFetch" name="test_news_has_multiple_sources" time="29.160" /><testcase classname="backend.tests.test_v510_exit_advisor.TestDebugEndpoint" name="test_debug_returns_version_510" time="0.211" /></testsuite></testsuites>