<?xml version="1.0" encoding="utf-8"?><testsuites name="pytest tests"><testsuite name="pytest" errors="0" failures="0" skipped="0" tests="14" time="3.032" timestamp="2026-03-22T11:31:05.331764+00:00" hostname="agent-env-0283e0b2-9049-43e5-822b-1a8cc12182d0"><testcase classname="backend.tests.test_v810_journal_mode_filter.TestJournalModeFilter" name="test_journal_entries_live_mode_returns_zero" time="0.182" /><testcase classname="backend.tests.test_v810_journal_mode_filter.TestJournalModeFilter" name="test_journal_entries_paper_mode_returns_paper_only" time="0.138" /><testcase classname="backend.tests.test_v810_journal_mode_filter.TestJournalModeFilter" name="test_journal_stats_live_mode_returns_zero_total" time="0.147" /><testcase classname="backend.tests.test_v810_journal_mode_filter.TestJournalModeFilter" name="test_journal_stats_paper_mode_returns_correct_stats" time="0.155" /><testcase classname="backend.tests.test_v810_journal_mode_filter.TestJournalModeFilter" name="test_journal_insights_live_mode_works" time="0.180" /><testcase classname="backend.tests.test_v810_journal_mode_filter.TestJournalModeFilter" name="test_journal_insights_paper_mode_returns_insights" time="1.133" /><testcase classname="backend.tests.test_v810_journal_mode_filter.TestJournalModeFilter" name="test_review_all_live_mode_reviews_only_live_trades" time="0.124" /><testcase classname="backend.tests.test_v810_journal_mode_filter.TestJournalModeFilter" name="test_review_all_paper_mode_reviews_only_paper_trades" time="0.123" /><testcase classname="backend.tests.test_v810_journal_mode_filter.TestTradesHistoryModeFilter" name="test_trades_history_live_mode_returns_only_live" time="0.120" /><testcase classname="backend.tests.test_v810_journal_mode_filter.TestTradesHistoryModeFilter" name="test_trades_history_paper_mode_returns_only_paper" time="0.126" /><testcase classname="backend.tests.test_v810_journal_mode_filter.TestExistingFeaturesStillWorking" name="test_health_returns_version_810" time="0.144" /><testcase classname="backend.tests.test_v810_journal_mode_filter.TestExistingFeaturesStillWorking" name="test_telegram_status_configured" time="0.117" /><testcase classname="backend.tests.test_v810_journal_mode_filter.TestExistingFeaturesStillWorking" name="test_exit_advisor_running" time="0.132" /><testcase classname="backend.tests.test_v810_journal_mode_filter.TestExistingFeaturesStillWorking" name="test_ai_guards_returns_8_guards" time="0.138" /></testsuite></testsuites>