<?xml version="1.0" encoding="utf-8"?><testsuites name="pytest tests"><testsuite name="pytest" errors="0" failures="0" skipped="0" tests="14" time="1.999" timestamp="2026-03-18T10:25:37.043239+00:00" hostname="agent-env-43edcaef-c5a6-4dce-88f7-b7da607a1b2d"><testcase classname="backend.tests.test_iteration17_market_status.TestMarketStatusEndpoint" name="test_market_status_returns_success" time="0.228" /><testcase classname="backend.tests.test_iteration17_market_status.TestMarketStatusEndpoint" name="test_market_status_has_required_fields" time="0.139" /><testcase classname="backend.tests.test_iteration17_market_status.TestMarketStatusEndpoint" name="test_market_status_open_fields" time="0.153" /><testcase classname="backend.tests.test_iteration17_market_status.TestMarketStatusEndpoint" name="test_market_status_closed_fields" time="0.127" /><testcase classname="backend.tests.test_iteration17_market_status.TestMarketHolidaysEndpoint" name="test_market_holidays_returns_success" time="0.159" /><testcase classname="backend.tests.test_iteration17_market_status.TestMarketHolidaysEndpoint" name="test_market_holidays_returns_list" time="0.133" /><testcase classname="backend.tests.test_iteration17_market_status.TestMarketHolidaysEndpoint" name="test_market_holidays_structure" time="0.118" /><testcase classname="backend.tests.test_iteration17_market_status.TestMarketHolidaysEndpoint" name="test_market_holidays_count_parameter" time="0.119" /><testcase classname="backend.tests.test_iteration17_market_status.TestVersionBump" name="test_root_endpoint_version" time="0.127" /><testcase classname="backend.tests.test_iteration17_market_status.TestRegressionHealth" name="test_health_returns_healthy" time="0.125" /><testcase classname="backend.tests.test_iteration17_market_status.TestRegressionSettings" name="test_settings_returns_data" time="0.120" /><testcase classname="backend.tests.test_iteration17_market_status.TestRegressionPortfolio" name="test_portfolio_returns_data" time="0.124" /><testcase classname="backend.tests.test_iteration17_market_status.TestRegressionInstruments" name="test_instruments_returns_data" time="0.117" /><testcase classname="backend.tests.test_iteration17_market_status.TestRegressionOptionChain" name="test_option_chain_nifty_works" time="0.142" /></testsuite></testsuites>