<?xml version="1.0" encoding="utf-8"?><testsuites name="pytest tests"><testsuite name="pytest" errors="0" failures="0" skipped="0" tests="22" time="2.654" timestamp="2026-03-18T09:52:04.530027+00:00" hostname="agent-env-7faf5962-3491-4a4f-a883-fe85873e5fa2"><testcase classname="backend.tests.test_iteration15_mcx_optionchain.TestInstrumentsAPI" name="test_get_instruments_returns_9" time="0.244" /><testcase classname="backend.tests.test_iteration15_mcx_optionchain.TestInstrumentsAPI" name="test_instruments_include_mcx_commodities" time="0.140" /><testcase classname="backend.tests.test_iteration15_mcx_optionchain.TestInstrumentsAPI" name="test_instruments_have_exchange_field" time="0.105" /><testcase classname="backend.tests.test_iteration15_mcx_optionchain.TestInstrumentsAPI" name="test_set_instrument_gold" time="0.101" /><testcase classname="backend.tests.test_iteration15_mcx_optionchain.TestInstrumentsAPI" name="test_set_instrument_crudeoil" time="0.148" /><testcase classname="backend.tests.test_iteration15_mcx_optionchain.TestInstrumentsAPI" name="test_set_instrument_invalid" time="0.109" /><testcase classname="backend.tests.test_iteration15_mcx_optionchain.TestOptionChainAPI" name="test_option_chain_gold" time="0.108" /><testcase classname="backend.tests.test_iteration15_mcx_optionchain.TestOptionChainAPI" name="test_option_chain_silver" time="0.103" /><testcase classname="backend.tests.test_iteration15_mcx_optionchain.TestOptionChainAPI" name="test_option_chain_crudeoil" time="0.110" /><testcase classname="backend.tests.test_iteration15_mcx_optionchain.TestOptionChainAPI" name="test_option_chain_sensex" time="0.112" /><testcase classname="backend.tests.test_iteration15_mcx_optionchain.TestOptionChainAPI" name="test_option_chain_bankex" time="0.099" /><testcase classname="backend.tests.test_iteration15_mcx_optionchain.TestOptionChainAPI" name="test_option_chain_nifty" time="0.106" /><testcase classname="backend.tests.test_iteration15_mcx_optionchain.TestOptionChainAPI" name="test_option_chain_has_greeks" time="0.104" /><testcase classname="backend.tests.test_iteration15_mcx_optionchain.TestOIBuildupAPI" name="test_oi_buildup_gold" time="0.099" /><testcase classname="backend.tests.test_iteration15_mcx_optionchain.TestOIBuildupAPI" name="test_oi_buildup_silver" time="0.099" /><testcase classname="backend.tests.test_iteration15_mcx_optionchain.TestOIBuildupAPI" name="test_oi_buildup_crudeoil" time="0.131" /><testcase classname="backend.tests.test_iteration15_mcx_optionchain.TestOIBuildupAPI" name="test_oi_buildup_nifty" time="0.105" /><testcase classname="backend.tests.test_iteration15_mcx_optionchain.TestOIBuildupAPI" name="test_oi_buildup_invalid_instrument" time="0.105" /><testcase classname="backend.tests.test_iteration15_mcx_optionchain.TestOptionChainInstrumentsEndpoint" name="test_get_option_chain_instruments" time="0.105" /><testcase classname="backend.tests.test_iteration15_mcx_optionchain.TestRegressionHealth" name="test_health_endpoint" time="0.102" /><testcase classname="backend.tests.test_iteration15_mcx_optionchain.TestRegressionHealth" name="test_brokers_list" time="0.119" /><testcase classname="backend.tests.test_iteration15_mcx_optionchain.TestOptionChainSource" name="test_option_chain_source_is_simulated" time="0.106" /></testsuite></testsuites>