<?xml version="1.0" encoding="utf-8"?><testsuites name="pytest tests"><testsuite name="pytest" errors="0" failures="0" skipped="0" tests="14" time="3.249" timestamp="2026-03-20T18:39:50.868479+00:00" hostname="agent-env-42a6b319-8fef-4dcf-b37b-f41060f5f60b"><testcase classname="backend.tests.test_ai_guards_v460.TestAIGuardsStatus" name="test_ai_guards_status_returns_all_6_guards" time="0.215" /><testcase classname="backend.tests.test_ai_guards_v460.TestAIGuardsStatus" name="test_max_daily_loss_has_today_loss_and_limit" time="0.174" /><testcase classname="backend.tests.test_ai_guards_v460.TestAIGuardsStatus" name="test_time_of_day_filter_has_current_window" time="0.155" /><testcase classname="backend.tests.test_ai_guards_v460.TestAIGuardsStatus" name="test_market_regime_filter_has_current_regime" time="0.214" /><testcase classname="backend.tests.test_ai_guards_v460.TestAIGuardsUpdate" name="test_toggle_multi_timeframe_off" time="0.172" /><testcase classname="backend.tests.test_ai_guards_v460.TestAIGuardsUpdate" name="test_toggle_multi_timeframe_on" time="0.162" /><testcase classname="backend.tests.test_ai_guards_v460.TestAIGuardsUpdate" name="test_toggle_multiple_guards" time="0.329" /><testcase classname="backend.tests.test_ai_guards_v460.TestAIGuardsUpdate" name="test_cannot_toggle_max_daily_loss" time="0.301" /><testcase classname="backend.tests.test_ai_guards_v460.TestTechnicalAnalysisUpstox" name="test_technical_analysis_returns_data" time="0.315" /><testcase classname="backend.tests.test_ai_guards_v460.TestAutoExitCheck" name="test_auto_exit_check_works" time="0.508" /><testcase classname="backend.tests.test_ai_guards_v460.TestSignalsEndpoint" name="test_signals_latest_returns_signals" time="0.145" /><testcase classname="backend.tests.test_ai_guards_v460.TestAutoSettings" name="test_get_auto_settings" time="0.156" /><testcase classname="backend.tests.test_ai_guards_v460.TestMinConfidenceEnforcement" name="test_settings_has_min_confidence" time="0.183" /><testcase classname="backend.tests.test_ai_guards_v460.TestRiskRatioAlert" name="test_risk_settings_has_sl_and_target" time="0.147" /></testsuite></testsuites>