<?xml version="1.0" encoding="utf-8"?><testsuites name="pytest tests"><testsuite name="pytest" errors="0" failures="0" skipped="0" tests="17" time="2.939" timestamp="2026-03-17T17:38:39.437067+00:00" hostname="agent-env-f33ba27a-c980-429a-8642-2b8cf37a9b45"><testcase classname="backend.tests.test_new_features.TestHealthAndBasic" name="test_health_endpoint" time="0.316" /><testcase classname="backend.tests.test_new_features.TestHealthAndBasic" name="test_portfolio_endpoint" time="0.207" /><testcase classname="backend.tests.test_new_features.TestTradeHistoryAPI" name="test_trade_history_basic" time="0.164" /><testcase classname="backend.tests.test_new_features.TestTradeHistoryAPI" name="test_trade_history_has_summary_stats" time="0.194" /><testcase classname="backend.tests.test_new_features.TestTradeHistoryAPI" name="test_trade_history_filter_by_status_closed" time="0.132" /><testcase classname="backend.tests.test_new_features.TestTradeHistoryAPI" name="test_trade_history_filter_by_status_open" time="0.154" /><testcase classname="backend.tests.test_new_features.TestTradeHistoryAPI" name="test_trade_history_filter_by_type_call" time="0.126" /><testcase classname="backend.tests.test_new_features.TestTradeHistoryAPI" name="test_trade_history_filter_by_type_put" time="0.191" /><testcase classname="backend.tests.test_new_features.TestTradeHistoryAPI" name="test_trade_history_sort_by_pnl" time="0.126" /><testcase classname="backend.tests.test_new_features.TestTradeHistoryAPI" name="test_trade_history_sort_by_investment" time="0.159" /><testcase classname="backend.tests.test_new_features.TestDailySummaryAPI" name="test_daily_summary_returns_success" time="0.152" /><testcase classname="backend.tests.test_new_features.TestDailySummaryAPI" name="test_daily_summary_has_required_fields" time="0.153" /><testcase classname="backend.tests.test_new_features.TestTelegramAPI" name="test_send_daily_summary_without_config" time="0.146" /><testcase classname="backend.tests.test_new_features.TestSentimentServiceSector" name="test_news_latest_has_sentiment" time="0.157" /><testcase classname="backend.tests.test_new_features.TestSentimentServiceSector" name="test_news_has_sector_field" time="0.124" /><testcase classname="backend.tests.test_new_features.TestStatsAndSettings" name="test_stats_endpoint" time="0.150" /><testcase classname="backend.tests.test_new_features.TestStatsAndSettings" name="test_settings_endpoint" time="0.214" /></testsuite></testsuites>