<?xml version="1.0" encoding="utf-8"?><testsuites name="pytest tests"><testsuite name="pytest" errors="0" failures="0" skipped="0" tests="10" time="1.323" timestamp="2026-03-18T07:22:44.131588+00:00" hostname="agent-env-87e26e54-45aa-4b75-9378-4fed53c9e4be"><testcase classname="backend.tests.test_bug_fixes_iteration9.TestHealthAndBasicAPIs" name="test_health_endpoint" time="0.231" /><testcase classname="backend.tests.test_bug_fixes_iteration9.TestHealthAndBasicAPIs" name="test_settings_trading_mode" time="0.144" /><testcase classname="backend.tests.test_bug_fixes_iteration9.TestHealthAndBasicAPIs" name="test_combined_status_upstox_disconnected" time="0.139" /><testcase classname="backend.tests.test_bug_fixes_iteration9.TestNewsFeedHTMLStripping" name="test_news_latest_no_html_tags" time="0.149" /><testcase classname="backend.tests.test_bug_fixes_iteration9.TestNewsFeedHTMLStripping" name="test_news_content_readable" time="0.110" /><testcase classname="backend.tests.test_bug_fixes_iteration9.TestSignalsAPI" name="test_signals_latest_endpoint" time="0.137" /><testcase classname="backend.tests.test_bug_fixes_iteration9.TestTradesAPI" name="test_trades_active_endpoint" time="0.118" /><testcase classname="backend.tests.test_bug_fixes_iteration9.TestTradesAPI" name="test_trades_today_endpoint" time="0.120" /><testcase classname="backend.tests.test_bug_fixes_iteration9.TestMarketStatusLogic" name="test_market_hours_calculation" time="0.000" /><testcase classname="backend.tests.test_bug_fixes_iteration9.TestPortfolioAPI" name="test_portfolio_endpoint" time="0.112" /></testsuite></testsuites>