<?xml version="1.0" encoding="utf-8"?><testsuites name="pytest tests"><testsuite name="pytest" errors="0" failures="0" skipped="0" tests="15" time="2.500" timestamp="2026-03-17T18:09:52.469061+00:00" hostname="agent-env-f33ba27a-c980-429a-8642-2b8cf37a9b45"><testcase classname="backend.tests.test_live_mode_features.TestAPIHealth" name="test_health_endpoint" time="0.255" /><testcase classname="backend.tests.test_live_mode_features.TestAPIHealth" name="test_settings_endpoint" time="0.145" /><testcase classname="backend.tests.test_live_mode_features.TestCombinedStatusAPI" name="test_combined_status_returns_correct_structure" time="0.122" /><testcase classname="backend.tests.test_live_mode_features.TestCombinedStatusAPI" name="test_combined_status_live_mode_not_connected" time="0.123" /><testcase classname="backend.tests.test_live_mode_features.TestPaperTradingAPIs" name="test_trades_today_returns_data" time="0.144" /><testcase classname="backend.tests.test_live_mode_features.TestPaperTradingAPIs" name="test_portfolio_returns_data" time="0.147" /><testcase classname="backend.tests.test_live_mode_features.TestTradeHistoryAPI" name="test_trade_history_returns_summary" time="0.209" /><testcase classname="backend.tests.test_live_mode_features.TestTradeHistoryAPI" name="test_trade_history_filters" time="0.269" /><testcase classname="backend.tests.test_live_mode_features.TestTradeHistoryAPI" name="test_trade_history_sorting" time="0.137" /><testcase classname="backend.tests.test_live_mode_features.TestRiskManagementData" name="test_paper_mode_risk_data_source" time="0.157" /><testcase classname="backend.tests.test_live_mode_features.TestRiskManagementData" name="test_live_mode_risk_data_source" time="0.159" /><testcase classname="backend.tests.test_live_mode_features.TestDailySummary" name="test_daily_summary_returns_data" time="0.120" /><testcase classname="backend.tests.test_live_mode_features.TestTradeAnalytics" name="test_stats_endpoint" time="0.153" /><testcase classname="backend.tests.test_live_mode_features.TestSettingsPanel" name="test_get_settings" time="0.134" /><testcase classname="backend.tests.test_live_mode_features.TestSettingsPanel" name="test_auto_settings_endpoint" time="0.148" /></testsuite></testsuites>