<?xml version="1.0" encoding="utf-8"?><testsuites name="pytest tests"><testsuite name="pytest" errors="0" failures="0" skipped="0" tests="19" time="8.708" timestamp="2026-03-17T11:05:12.536265+00:00" hostname="agent-env-57e1f9c9-f802-4257-b636-194d1744bff3"><testcase classname="backend.tests.test_trading_bot_api.TestHealthAndCore" name="test_health_check" time="0.258" /><testcase classname="backend.tests.test_trading_bot_api.TestHealthAndCore" name="test_root_endpoint" time="0.113" /><testcase classname="backend.tests.test_trading_bot_api.TestHealthAndCore" name="test_initialize_system" time="0.148" /><testcase classname="backend.tests.test_trading_bot_api.TestSettings" name="test_get_settings" time="0.112" /><testcase classname="backend.tests.test_trading_bot_api.TestSettings" name="test_update_settings" time="0.212" /><testcase classname="backend.tests.test_trading_bot_api.TestSettings" name="test_get_trading_status" time="0.162" /><testcase classname="backend.tests.test_trading_bot_api.TestNewsEndpoints" name="test_fetch_news" time="6.165" /><testcase classname="backend.tests.test_trading_bot_api.TestNewsEndpoints" name="test_get_latest_news" time="0.148" /><testcase classname="backend.tests.test_trading_bot_api.TestPortfolioAndStats" name="test_get_portfolio" time="0.098" /><testcase classname="backend.tests.test_trading_bot_api.TestPortfolioAndStats" name="test_get_stats" time="0.133" /><testcase classname="backend.tests.test_trading_bot_api.TestTradesEndpoints" name="test_get_active_trades" time="0.117" /><testcase classname="backend.tests.test_trading_bot_api.TestTradesEndpoints" name="test_get_today_trades" time="0.106" /><testcase classname="backend.tests.test_trading_bot_api.TestTradesEndpoints" name="test_get_trade_history" time="0.114" /><testcase classname="backend.tests.test_trading_bot_api.TestSignalsEndpoints" name="test_get_latest_signals" time="0.106" /><testcase classname="backend.tests.test_trading_bot_api.TestSignalsEndpoints" name="test_get_active_signals" time="0.110" /><testcase classname="backend.tests.test_trading_bot_api.TestAutoTradingSettings" name="test_get_auto_settings" time="0.105" /><testcase classname="backend.tests.test_trading_bot_api.TestAutoTradingSettings" name="test_update_auto_settings" time="0.107" /><testcase classname="backend.tests.test_trading_bot_api.TestAutoTradingSettings" name="test_check_auto_exits" time="0.097" /><testcase classname="backend.tests.test_trading_bot_api.TestTradeGeneration" name="test_generate_trade" time="0.220" /></testsuite></testsuites>