<?xml version="1.0" encoding="utf-8"?><testsuites name="pytest tests"><testsuite name="pytest" errors="0" failures="0" skipped="0" tests="15" time="1.954" timestamp="2026-03-18T07:05:20.182310+00:00" hostname="agent-env-f33ba27a-c980-429a-8642-2b8cf37a9b45"><testcase classname="backend.tests.test_tax_reports.TestTaxReportAPI" name="test_tax_report_returns_success" time="0.122" /><testcase classname="backend.tests.test_tax_reports.TestTaxReportAPI" name="test_tax_report_has_required_fields" time="0.110" /><testcase classname="backend.tests.test_tax_reports.TestTaxReportAPI" name="test_tax_calculation_correctness" time="0.104" /><testcase classname="backend.tests.test_tax_reports.TestTaxReportAPI" name="test_monthly_breakdown_present" time="0.139" /><testcase classname="backend.tests.test_tax_reports.TestTaxReportAPI" name="test_audit_threshold_check" time="0.109" /><testcase classname="backend.tests.test_tax_reports.TestTaxReportAPI" name="test_different_fy_years" time="0.344" /><testcase classname="backend.tests.test_tax_reports.TestTaxExportExcel" name="test_excel_export_returns_file" time="0.117" /><testcase classname="backend.tests.test_tax_reports.TestTaxExportExcel" name="test_excel_export_different_fy" time="0.112" /><testcase classname="backend.tests.test_tax_reports.TestTaxExportPDF" name="test_pdf_export_returns_file" time="0.112" /><testcase classname="backend.tests.test_tax_reports.TestTaxExportPDF" name="test_pdf_export_different_fy" time="0.102" /><testcase classname="backend.tests.test_tax_reports.TestNoTradesScenario" name="test_empty_fy_returns_zeros" time="0.100" /><testcase classname="backend.tests.test_tax_reports.TestOtherTabsRegression" name="test_dashboard_portfolio" time="0.103" /><testcase classname="backend.tests.test_tax_reports.TestOtherTabsRegression" name="test_health_check" time="0.106" /><testcase classname="backend.tests.test_tax_reports.TestOtherTabsRegression" name="test_trades_history" time="0.100" /><testcase classname="backend.tests.test_tax_reports.TestOtherTabsRegression" name="test_signals_endpoint" time="0.105" /></testsuite></testsuites>