<?xml version="1.0" encoding="utf-8"?><testsuites name="pytest tests"><testsuite name="pytest" errors="0" failures="0" skipped="0" tests="15" time="21.753" timestamp="2026-03-20T14:27:01.261244+00:00" hostname="agent-env-42a6b319-8fef-4dcf-b37b-f41060f5f60b"><testcase classname="backend.tests.test_tax_reports_v44.TestTaxReportEndpoint" name="test_tax_report_returns_success_status" time="1.670" /><testcase classname="backend.tests.test_tax_reports_v44.TestTaxReportEndpoint" name="test_tax_report_fy_year_parameter_conversion" time="2.152" /><testcase classname="backend.tests.test_tax_reports_v44.TestTaxReportEndpoint" name="test_tax_report_charges_breakdown_mapping" time="1.505" /><testcase classname="backend.tests.test_tax_reports_v44.TestTaxReportEndpoint" name="test_tax_report_summary_structure" time="1.575" /><testcase classname="backend.tests.test_tax_reports_v44.TestTaxReportEndpoint" name="test_tax_report_tax_calculation_structure" time="1.303" /><testcase classname="backend.tests.test_tax_reports_v44.TestTaxReportEndpoint" name="test_tax_report_compliance_structure" time="1.786" /><testcase classname="backend.tests.test_tax_reports_v44.TestTaxReportEndpoint" name="test_tax_report_trade_details_present" time="1.362" /><testcase classname="backend.tests.test_tax_reports_v44.TestUpstoxSummaryEndpoint" name="test_upstox_summary_returns_data" time="0.489" /><testcase classname="backend.tests.test_tax_reports_v44.TestFYParameterFormats" name="test_fy_parameter_format_2025_26" time="1.307" /><testcase classname="backend.tests.test_tax_reports_v44.TestFYParameterFormats" name="test_fy_parameter_format_25_26" time="1.429" /><testcase classname="backend.tests.test_tax_reports_v44.TestFYParameterFormats" name="test_fy_parameter_format_2526" time="1.491" /><testcase classname="backend.tests.test_tax_reports_v44.TestChargesFromUpstoxAPI" name="test_charges_source_is_upstox_api_when_connected" time="1.267" /><testcase classname="backend.tests.test_tax_reports_v44.TestChargesFromUpstoxAPI" name="test_total_charges_equals_sum_of_individual_charges" time="1.536" /><testcase classname="backend.tests.test_tax_reports_v44.TestTaxCalculation" name="test_tax_calculation_when_profit" time="1.388" /><testcase classname="backend.tests.test_tax_reports_v44.TestNetPnlCalculation" name="test_net_pnl_equals_gross_minus_charges" time="1.371" /></testsuite></testsuites>