<?xml version="1.0" encoding="utf-8"?><testsuites name="pytest tests"><testsuite name="pytest" errors="0" failures="0" skipped="0" tests="19" time="9.019" timestamp="2026-03-17T11:17:33.082610+00:00" hostname="agent-env-57e1f9c9-f802-4257-b636-194d1744bff3"><testcase classname="backend.tests.test_upstox_integration.TestUpstoxConnection" name="test_upstox_auth_url_without_redirect_uri" time="0.178" /><testcase classname="backend.tests.test_upstox_integration.TestUpstoxConnection" name="test_upstox_connection_status_disconnected" time="0.108" /><testcase classname="backend.tests.test_upstox_integration.TestUpstoxConnection" name="test_upstox_callback_requires_code" time="0.105" /><testcase classname="backend.tests.test_upstox_integration.TestUpstoxConnection" name="test_upstox_callback_with_invalid_code" time="0.134" /><testcase classname="backend.tests.test_upstox_integration.TestUpstoxMarketData" name="test_upstox_market_data_not_connected" time="0.100" /><testcase classname="backend.tests.test_upstox_integration.TestUpstoxPortfolio" name="test_upstox_portfolio_not_connected" time="0.097" /><testcase classname="backend.tests.test_upstox_integration.TestUpstoxPortfolio" name="test_upstox_profile_not_connected" time="0.105" /><testcase classname="backend.tests.test_upstox_integration.TestUpstoxOrders" name="test_upstox_orders_not_connected" time="0.100" /><testcase classname="backend.tests.test_upstox_integration.TestUpstoxOrders" name="test_upstox_pnl_not_connected" time="0.368" /><testcase classname="backend.tests.test_upstox_integration.TestCombinedStatus" name="test_combined_status_endpoint" time="0.107" /><testcase classname="backend.tests.test_upstox_integration.TestCombinedStatus" name="test_combined_status_live_mode_disconnected" time="0.112" /><testcase classname="backend.tests.test_upstox_integration.TestExistingEndpointsRegression" name="test_health_check" time="0.101" /><testcase classname="backend.tests.test_upstox_integration.TestExistingEndpointsRegression" name="test_portfolio" time="0.155" /><testcase classname="backend.tests.test_upstox_integration.TestExistingEndpointsRegression" name="test_news_fetch" time="6.593" /><testcase classname="backend.tests.test_upstox_integration.TestExistingEndpointsRegression" name="test_settings" time="0.130" /><testcase classname="backend.tests.test_upstox_integration.TestExistingEndpointsRegression" name="test_stats" time="0.139" /><testcase classname="backend.tests.test_upstox_integration.TestExistingEndpointsRegression" name="test_trades_active" time="0.104" /><testcase classname="backend.tests.test_upstox_integration.TestExistingEndpointsRegression" name="test_trades_history" time="0.104" /><testcase classname="backend.tests.test_upstox_integration.TestExistingEndpointsRegression" name="test_signals_latest" time="0.105" /></testsuite></testsuites>