<?xml version="1.0" encoding="utf-8"?><testsuites name="pytest tests"><testsuite name="pytest" errors="0" failures="0" skipped="0" tests="15" time="4.152" timestamp="2026-03-18T09:22:56.651121+00:00" hostname="agent-env-7faf5962-3491-4a4f-a883-fe85873e5fa2"><testcase classname="backend.tests.test_v150_brokers_optionchain.TestBrokerManagement" name="test_get_brokers_list" time="0.248" /><testcase classname="backend.tests.test_v150_brokers_optionchain.TestBrokerManagement" name="test_set_active_broker_zerodha" time="0.141" /><testcase classname="backend.tests.test_v150_brokers_optionchain.TestBrokerManagement" name="test_set_active_broker_invalid" time="0.100" /><testcase classname="backend.tests.test_v150_brokers_optionchain.TestBrokerManagement" name="test_get_active_broker" time="0.193" /><testcase classname="backend.tests.test_v150_brokers_optionchain.TestOptionChainInstruments" name="test_get_instruments" time="0.139" /><testcase classname="backend.tests.test_v150_brokers_optionchain.TestOptionChainData" name="test_get_nifty_option_chain" time="0.108" /><testcase classname="backend.tests.test_v150_brokers_optionchain.TestOptionChainData" name="test_get_banknifty_option_chain" time="0.279" /><testcase classname="backend.tests.test_v150_brokers_optionchain.TestOptionChainData" name="test_get_gold_mcx_option_chain" time="0.114" /><testcase classname="backend.tests.test_v150_brokers_optionchain.TestOptionChainData" name="test_get_invalid_instrument" time="0.098" /><testcase classname="backend.tests.test_v150_brokers_optionchain.TestGreeksCalculation" name="test_calculate_single_greeks" time="0.100" /><testcase classname="backend.tests.test_v150_brokers_optionchain.TestGreeksCalculation" name="test_calculate_iv" time="0.126" /><testcase classname="backend.tests.test_v150_brokers_optionchain.TestRegressionHealth" name="test_health_endpoint" time="0.108" /><testcase classname="backend.tests.test_v150_brokers_optionchain.TestAllBrokerSwitching" name="test_cycle_through_all_brokers" time="1.369" /><testcase classname="backend.tests.test_v150_brokers_optionchain.TestAllOptionChainInstruments" name="test_all_index_instruments" time="0.634" /><testcase classname="backend.tests.test_v150_brokers_optionchain.TestAllOptionChainInstruments" name="test_all_mcx_instruments" time="0.299" /></testsuite></testsuites>