<?xml version="1.0" encoding="utf-8"?><testsuites name="pytest tests"><testsuite name="pytest" errors="0" failures="0" skipped="0" tests="23" time="3.357" timestamp="2026-03-18T13:55:57.967563+00:00" hostname="agent-env-43edcaef-c5a6-4dce-88f7-b7da607a1b2d"><testcase classname="backend.tests.test_v22_multibroker.TestBrokersListEndpoint" name="test_brokers_list_returns_6_brokers" time="0.169" /><testcase classname="backend.tests.test_v22_multibroker.TestBrokersListEndpoint" name="test_brokers_have_required_fields" time="0.113" /><testcase classname="backend.tests.test_v22_multibroker.TestBrokerSwitching" name="test_set_active_broker_zerodha" time="0.148" /><testcase classname="backend.tests.test_v22_multibroker.TestBrokerSwitching" name="test_set_active_broker_upstox" time="0.115" /><testcase classname="backend.tests.test_v22_multibroker.TestBrokerSwitching" name="test_invalid_broker_returns_error" time="0.119" /><testcase classname="backend.tests.test_v22_multibroker.TestBrokerAuthURL" name="test_auth_url_returns_success" time="0.217" /><testcase classname="backend.tests.test_v22_multibroker.TestBrokerAuthURL" name="test_auth_url_for_zerodha" time="0.350" /><testcase classname="backend.tests.test_v22_multibroker.TestBrokerConnection" name="test_connection_returns_disconnected" time="0.103" /><testcase classname="backend.tests.test_v22_multibroker.TestBrokerEndpoints" name="test_broker_profile_not_logged_in" time="0.129" /><testcase classname="backend.tests.test_v22_multibroker.TestBrokerEndpoints" name="test_broker_portfolio_not_logged_in" time="0.104" /><testcase classname="backend.tests.test_v22_multibroker.TestBrokerEndpoints" name="test_broker_orders_not_logged_in" time="0.141" /><testcase classname="backend.tests.test_v22_multibroker.TestOptionChainInstruments" name="test_instruments_returns_9" time="0.112" /><testcase classname="backend.tests.test_v22_multibroker.TestOptionChainInstruments" name="test_instruments_include_mcx" time="0.161" /><testcase classname="backend.tests.test_v22_multibroker.TestOptionChainInstruments" name="test_instruments_include_nse_bse" time="0.113" /><testcase classname="backend.tests.test_v22_multibroker.TestMCXOptionChain" name="test_crudeoil_option_chain" time="0.126" /><testcase classname="backend.tests.test_v22_multibroker.TestMCXOptionChain" name="test_gold_option_chain" time="0.133" /><testcase classname="backend.tests.test_v22_multibroker.TestMCXOptionChain" name="test_silver_option_chain" time="0.151" /><testcase classname="backend.tests.test_v22_multibroker.TestMarketStatus" name="test_market_status_returns_nse_and_mcx" time="0.164" /><testcase classname="backend.tests.test_v22_multibroker.TestMarketStatus" name="test_nse_status_fields" time="0.112" /><testcase classname="backend.tests.test_v22_multibroker.TestMarketStatus" name="test_mcx_status_fields" time="0.111" /><testcase classname="backend.tests.test_v22_multibroker.TestAPIVersion" name="test_api_version" time="0.123" /><testcase classname="backend.tests.test_v22_multibroker.TestHealthAndSettings" name="test_health_endpoint" time="0.125" /><testcase classname="backend.tests.test_v22_multibroker.TestHealthAndSettings" name="test_settings_endpoint" time="0.127" /></testsuite></testsuites>