<?xml version="1.0" encoding="utf-8"?><testsuites name="pytest tests"><testsuite name="pytest" errors="0" failures="0" skipped="0" tests="12" time="5.026" timestamp="2026-03-18T14:15:24.109141+00:00" hostname="agent-env-43edcaef-c5a6-4dce-88f7-b7da607a1b2d"><testcase classname="backend.tests.test_v230_broker_switching.TestBrokerSwitchingIsolation" name="test_api_version_230" time="0.293" /><testcase classname="backend.tests.test_v230_broker_switching.TestBrokerSwitchingIsolation" name="test_switch_to_upstox_check_connection" time="0.334" /><testcase classname="backend.tests.test_v230_broker_switching.TestBrokerSwitchingIsolation" name="test_switch_to_zerodha_check_connection" time="0.268" /><testcase classname="backend.tests.test_v230_broker_switching.TestBrokerSwitchingIsolation" name="test_switch_to_angelone_check_connection" time="0.240" /><testcase classname="backend.tests.test_v230_broker_switching.TestBrokerSwitchingIsolation" name="test_switch_back_to_upstox" time="0.260" /><testcase classname="backend.tests.test_v230_broker_switching.TestBrokerSwitchingIsolation" name="test_brokers_list_returns_6_brokers" time="0.128" /><testcase classname="backend.tests.test_v230_broker_switching.TestBrokerSwitchingIsolation" name="test_auth_url_generation_per_broker" time="0.488" /><testcase classname="backend.tests.test_v230_broker_switching.TestBrokerSpecificCredentialKeys" name="test_settings_structure" time="0.113" /><testcase classname="backend.tests.test_v230_broker_switching.TestBrokerSwitchingRoundTrip" name="test_switch_all_brokers_sequential" time="2.433" /><testcase classname="backend.tests.test_v230_broker_switching.TestHealthAndBasicAPIs" name="test_health_check" time="0.110" /><testcase classname="backend.tests.test_v230_broker_switching.TestHealthAndBasicAPIs" name="test_portfolio_endpoint" time="0.109" /><testcase classname="backend.tests.test_v230_broker_switching.TestHealthAndBasicAPIs" name="test_instruments_endpoint" time="0.170" /></testsuite></testsuites>