<?xml version="1.0" encoding="utf-8"?><testsuites name="pytest tests"><testsuite name="pytest" errors="0" failures="0" skipped="0" tests="16" time="2.660" timestamp="2026-03-18T14:42:00.160823+00:00" hostname="agent-env-0413516b-7d16-4f41-840f-3aa84518be95"><testcase classname="backend.tests.test_v250_option_chain_fix.TestVersionAndHealth" name="test_api_version_250" time="0.137" /><testcase classname="backend.tests.test_v250_option_chain_fix.TestVersionAndHealth" name="test_health_check" time="0.137" /><testcase classname="backend.tests.test_v250_option_chain_fix.TestMarketStatus" name="test_market_status_endpoint" time="0.125" /><testcase classname="backend.tests.test_v250_option_chain_fix.TestOptionChainInstruments" name="test_option_chain_instruments_returns_9" time="0.127" /><testcase classname="backend.tests.test_v250_option_chain_fix.TestNSEOptionChainMarketClosed" name="test_nifty50_market_closed" time="0.119" /><testcase classname="backend.tests.test_v250_option_chain_fix.TestNSEOptionChainMarketClosed" name="test_banknifty_market_closed" time="0.113" /><testcase classname="backend.tests.test_v250_option_chain_fix.TestNSEOptionChainMarketClosed" name="test_sensex_market_closed" time="0.126" /><testcase classname="backend.tests.test_v250_option_chain_fix.TestMCXOptionChainBrokerDisconnected" name="test_crudeoil_broker_disconnected" time="0.118" /><testcase classname="backend.tests.test_v250_option_chain_fix.TestMCXOptionChainBrokerDisconnected" name="test_gold_broker_disconnected" time="0.208" /><testcase classname="backend.tests.test_v250_option_chain_fix.TestMCXOptionChainBrokerDisconnected" name="test_silver_broker_disconnected" time="0.145" /><testcase classname="backend.tests.test_v250_option_chain_fix.TestOIBuildupEndpoint" name="test_nifty50_oi_buildup_market_closed" time="0.151" /><testcase classname="backend.tests.test_v250_option_chain_fix.TestOIBuildupEndpoint" name="test_banknifty_oi_buildup_market_closed" time="0.161" /><testcase classname="backend.tests.test_v250_option_chain_fix.TestNoSimulationFallback" name="test_no_simulation_source_for_nifty" time="0.112" /><testcase classname="backend.tests.test_v250_option_chain_fix.TestNoSimulationFallback" name="test_chain_empty_when_not_live" time="0.586" /><testcase classname="backend.tests.test_v250_option_chain_fix.TestResponseStructure" name="test_market_closed_response_structure" time="0.109" /><testcase classname="backend.tests.test_v250_option_chain_fix.TestResponseStructure" name="test_broker_disconnected_response_structure" time="0.103" /></testsuite></testsuites>