<?xml version="1.0" encoding="utf-8"?><testsuites name="pytest tests"><testsuite name="pytest" errors="0" failures="0" skipped="0" tests="11" time="1.558" timestamp="2026-03-19T05:32:29.188233+00:00" hostname="agent-env-de4e300b-724b-491a-96c3-dd71970bc939"><testcase classname="backend.tests.test_option_chain_v305.TestOptionChainAPI" name="test_option_chain_nifty50_no_400_error" time="0.243" /><testcase classname="backend.tests.test_option_chain_v305.TestOptionChainAPI" name="test_option_chain_banknifty_no_400_error" time="0.101" /><testcase classname="backend.tests.test_option_chain_v305.TestOptionChainAPI" name="test_option_chain_sensex_bse_instrument" time="0.100" /><testcase classname="backend.tests.test_option_chain_v305.TestOptionChainAPI" name="test_option_chain_finnifty" time="0.129" /><testcase classname="backend.tests.test_option_chain_v305.TestOptionChainAPI" name="test_option_chain_midcpnifty" time="0.102" /><testcase classname="backend.tests.test_option_chain_v305.TestOptionChainAPI" name="test_option_chain_bankex" time="0.139" /><testcase classname="backend.tests.test_option_chain_v305.TestInstrumentsAPI" name="test_instruments_returns_6_instruments" time="0.109" /><testcase classname="backend.tests.test_option_chain_v305.TestInstrumentsAPI" name="test_instrument_set_and_persistence" time="0.214" /><testcase classname="backend.tests.test_option_chain_v305.TestAutoEntryStatus" name="test_auto_entry_status_returns_active_instrument" time="0.119" /><testcase classname="backend.tests.test_option_chain_v305.TestOptionChainInstruments" name="test_option_chain_instruments_no_mcx" time="0.128" /><testcase classname="backend.tests.test_option_chain_v305.TestBrokersAPI" name="test_brokers_list" time="0.108" /></testsuite></testsuites>