<?xml version="1.0" encoding="utf-8"?><testsuites name="pytest tests"><testsuite name="pytest" errors="0" failures="0" skipped="0" tests="9" time="1.124" timestamp="2026-03-18T09:04:41.262605+00:00" hostname="agent-env-7faf5962-3491-4a4f-a883-fe85873e5fa2"><testcase classname="backend.tests.test_websocket_v140.TestWebSocketEndpoints" name="test_health_endpoint" time="0.128" /><testcase classname="backend.tests.test_websocket_v140.TestWebSocketEndpoints" name="test_instruments_endpoint_regression" time="0.095" /><testcase classname="backend.tests.test_websocket_v140.TestWebSocketEndpoints" name="test_ws_status_endpoint" time="0.104" /><testcase classname="backend.tests.test_websocket_v140.TestWebSocketEndpoints" name="test_ws_start_without_token" time="0.143" /><testcase classname="backend.tests.test_websocket_v140.TestWebSocketEndpoints" name="test_ws_stop_endpoint" time="0.098" /><testcase classname="backend.tests.test_websocket_v140.TestWebSocketEndpoints" name="test_combined_status_includes_ws_status" time="0.093" /><testcase classname="backend.tests.test_websocket_v140.TestWebSocketEndpoints" name="test_ws_status_after_stop" time="0.207" /><testcase classname="backend.tests.test_websocket_v140.TestWebSocketConnectionTest" name="test_ws_endpoint_exists" time="0.089" /><testcase classname="backend.tests.test_websocket_v140.TestVersionVerification" name="test_version_in_response" time="0.104" /></testsuite></testsuites>